\BOOKMARK [0][-]{chapter.1}{\376\377\0001\000\040\000N\000a\000m\000e\000s\000p\000a\000c\000e\000\040\000I\000n\000d\000e\000x}{}% 1
\BOOKMARK [1][-]{section.1.1}{\376\377\0001\000.\0001\000\040\000N\000a\000m\000e\000s\000p\000a\000c\000e\000\040\000L\000i\000s\000t}{chapter.1}% 2
\BOOKMARK [0][-]{chapter.2}{\376\377\0002\000\040\000H\000i\000e\000r\000a\000r\000c\000h\000i\000c\000a\000l\000\040\000I\000n\000d\000e\000x}{}% 3
\BOOKMARK [1][-]{section.2.1}{\376\377\0002\000.\0001\000\040\000C\000l\000a\000s\000s\000\040\000H\000i\000e\000r\000a\000r\000c\000h\000y}{chapter.2}% 4
\BOOKMARK [0][-]{chapter.3}{\376\377\0003\000\040\000C\000l\000a\000s\000s\000\040\000I\000n\000d\000e\000x}{}% 5
\BOOKMARK [1][-]{section.3.1}{\376\377\0003\000.\0001\000\040\000C\000l\000a\000s\000s\000\040\000L\000i\000s\000t}{chapter.3}% 6
\BOOKMARK [0][-]{chapter.4}{\376\377\0004\000\040\000F\000i\000l\000e\000\040\000I\000n\000d\000e\000x}{}% 7
\BOOKMARK [1][-]{section.4.1}{\376\377\0004\000.\0001\000\040\000F\000i\000l\000e\000\040\000L\000i\000s\000t}{chapter.4}% 8
\BOOKMARK [0][-]{chapter.5}{\376\377\0005\000\040\000N\000a\000m\000e\000s\000p\000a\000c\000e\000\040\000D\000o\000c\000u\000m\000e\000n\000t\000a\000t\000i\000o\000n}{}% 9
\BOOKMARK [1][-]{section.5.1}{\376\377\0005\000.\0001\000\040\000U\000i\000\040\000N\000a\000m\000e\000s\000p\000a\000c\000e\000\040\000R\000e\000f\000e\000r\000e\000n\000c\000e}{chapter.5}% 10
\BOOKMARK [2][-]{subsection.5.1.1}{\376\377\0005\000.\0001\000.\0001\000\040\000D\000e\000t\000a\000i\000l\000e\000d\000\040\000D\000e\000s\000c\000r\000i\000p\000t\000i\000o\000n}{section.5.1}% 11
\BOOKMARK [0][-]{chapter.6}{\376\377\0006\000\040\000C\000l\000a\000s\000s\000\040\000D\000o\000c\000u\000m\000e\000n\000t\000a\000t\000i\000o\000n}{}% 12
\BOOKMARK [1][-]{section.6.1}{\376\377\0006\000.\0001\000\040\000C\000o\000m\000m\000o\000n\000D\000e\000v\000i\000c\000e\000I\000n\000t\000e\000r\000f\000a\000c\000e\000\040\000C\000l\000a\000s\000s\000\040\000R\000e\000f\000e\000r\000e\000n\000c\000e}{chapter.6}% 13
\BOOKMARK [2][-]{subsection.6.1.1}{\376\377\0006\000.\0001\000.\0001\000\040\000D\000e\000t\000a\000i\000l\000e\000d\000\040\000D\000e\000s\000c\000r\000i\000p\000t\000i\000o\000n}{section.6.1}% 14
\BOOKMARK [2][-]{subsection.6.1.2}{\376\377\0006\000.\0001\000.\0002\000\040\000C\000o\000n\000s\000t\000r\000u\000c\000t\000o\000r\000\040\000\046\000\040\000D\000e\000s\000t\000r\000u\000c\000t\000o\000r\000\040\000D\000o\000c\000u\000m\000e\000n\000t\000a\000t\000i\000o\000n}{section.6.1}% 15
\BOOKMARK [3][-]{subsubsection.6.1.2.1}{\376\377\0006\000.\0001\000.\0002\000.\0001\000\040\000C\000o\000m\000m\000o\000n\000D\000e\000v\000i\000c\000e\000I\000n\000t\000e\000r\000f\000a\000c\000e\000\050\000\051}{subsection.6.1.2}% 16
\BOOKMARK [3][-]{subsubsection.6.1.2.2}{\376\377\0006\000.\0001\000.\0002\000.\0002\000\040\000\040\000C\000o\000m\000m\000o\000n\000D\000e\000v\000i\000c\000e\000I\000n\000t\000e\000r\000f\000a\000c\000e\000\050\000\051}{subsection.6.1.2}% 17
\BOOKMARK [2][-]{subsection.6.1.3}{\376\377\0006\000.\0001\000.\0003\000\040\000M\000e\000m\000b\000e\000r\000\040\000F\000u\000n\000c\000t\000i\000o\000n\000\040\000D\000o\000c\000u\000m\000e\000n\000t\000a\000t\000i\000o\000n}{section.6.1}% 18
\BOOKMARK [3][-]{subsubsection.6.1.3.1}{\376\377\0006\000.\0001\000.\0003\000.\0001\000\040\000e\000m\000p\000t\000y\000\050\000\051}{subsection.6.1.3}% 19
\BOOKMARK [3][-]{subsubsection.6.1.3.2}{\376\377\0006\000.\0001\000.\0003\000.\0002\000\040\000f\000l\000u\000s\000h\000R\000X\000\050\000\051}{subsection.6.1.3}% 20
\BOOKMARK [3][-]{subsubsection.6.1.3.3}{\376\377\0006\000.\0001\000.\0003\000.\0003\000\040\000f\000l\000u\000s\000h\000T\000X\000\050\000\051}{subsection.6.1.3}% 21
\BOOKMARK [3][-]{subsubsection.6.1.3.4}{\376\377\0006\000.\0001\000.\0003\000.\0004\000\040\000i\000s\000R\000e\000a\000d\000y\000\050\000\051}{subsection.6.1.3}% 22
\BOOKMARK [3][-]{subsubsection.6.1.3.5}{\376\377\0006\000.\0001\000.\0003\000.\0005\000\040\000n\000a\000m\000e\000\050\000\051}{subsection.6.1.3}% 23
\BOOKMARK [3][-]{subsubsection.6.1.3.6}{\376\377\0006\000.\0001\000.\0003\000.\0006\000\040\000p\000o\000p\000B\000y\000t\000e\000\050\000\051}{subsection.6.1.3}% 24
\BOOKMARK [3][-]{subsubsection.6.1.3.7}{\376\377\0006\000.\0001\000.\0003\000.\0007\000\040\000p\000o\000p\000P\000a\000c\000k\000e\000t\000\050\000\051}{subsection.6.1.3}% 25
\BOOKMARK [3][-]{subsubsection.6.1.3.8}{\376\377\0006\000.\0001\000.\0003\000.\0008\000\040\000p\000u\000s\000h\000B\000y\000t\000e\000\050\000\051}{subsection.6.1.3}% 26
\BOOKMARK [3][-]{subsubsection.6.1.3.9}{\376\377\0006\000.\0001\000.\0003\000.\0009\000\040\000p\000u\000s\000h\000P\000a\000c\000k\000e\000t\000\050\000\051}{subsection.6.1.3}% 27
\BOOKMARK [3][-]{subsubsection.6.1.3.10}{\376\377\0006\000.\0001\000.\0003\000.\0001\0000\000\040\000s\000e\000t\000D\000e\000f\000a\000u\000l\000t\000s\000\050\000\051}{subsection.6.1.3}% 28
\BOOKMARK [3][-]{subsubsection.6.1.3.11}{\376\377\0006\000.\0001\000.\0003\000.\0001\0001\000\040\000s\000t\000a\000r\000t\000D\000e\000v\000i\000c\000e\000\050\000\051}{subsection.6.1.3}% 29
\BOOKMARK [3][-]{subsubsection.6.1.3.12}{\376\377\0006\000.\0001\000.\0003\000.\0001\0002\000\040\000s\000t\000o\000p\000D\000e\000v\000i\000c\000e\000\050\000\051}{subsection.6.1.3}% 30
\BOOKMARK [3][-]{subsubsection.6.1.3.13}{\376\377\0006\000.\0001\000.\0003\000.\0001\0003\000\040\000s\000y\000n\000c\000R\000X\000\050\000\051}{subsection.6.1.3}% 31
\BOOKMARK [3][-]{subsubsection.6.1.3.14}{\376\377\0006\000.\0001\000.\0003\000.\0001\0004\000\040\000s\000y\000n\000c\000T\000X\000\050\000\051}{subsection.6.1.3}% 32
\BOOKMARK [1][-]{section.6.2}{\376\377\0006\000.\0002\000\040\000C\000o\000m\000m\000o\000n\000I\000n\000t\000e\000r\000f\000a\000c\000e\000M\000a\000n\000a\000g\000e\000r\000\040\000C\000l\000a\000s\000s\000\040\000R\000e\000f\000e\000r\000e\000n\000c\000e}{chapter.6}% 33
\BOOKMARK [2][-]{subsection.6.2.1}{\376\377\0006\000.\0002\000.\0001\000\040\000D\000e\000t\000a\000i\000l\000e\000d\000\040\000D\000e\000s\000c\000r\000i\000p\000t\000i\000o\000n}{section.6.2}% 34
\BOOKMARK [2][-]{subsection.6.2.2}{\376\377\0006\000.\0002\000.\0002\000\040\000C\000o\000n\000s\000t\000r\000u\000c\000t\000o\000r\000\040\000\046\000\040\000D\000e\000s\000t\000r\000u\000c\000t\000o\000r\000\040\000D\000o\000c\000u\000m\000e\000n\000t\000a\000t\000i\000o\000n}{section.6.2}% 35
\BOOKMARK [3][-]{subsubsection.6.2.2.1}{\376\377\0006\000.\0002\000.\0002\000.\0001\000\040\000C\000o\000m\000m\000o\000n\000I\000n\000t\000e\000r\000f\000a\000c\000e\000M\000a\000n\000a\000g\000e\000r\000\050\000\051}{subsection.6.2.2}% 36
\BOOKMARK [3][-]{subsubsection.6.2.2.2}{\376\377\0006\000.\0002\000.\0002\000.\0002\000\040\000\040\000C\000o\000m\000m\000o\000n\000I\000n\000t\000e\000r\000f\000a\000c\000e\000M\000a\000n\000a\000g\000e\000r\000\050\000\051}{subsection.6.2.2}% 37
\BOOKMARK [2][-]{subsection.6.2.3}{\376\377\0006\000.\0002\000.\0003\000\040\000M\000e\000m\000b\000e\000r\000\040\000F\000u\000n\000c\000t\000i\000o\000n\000\040\000D\000o\000c\000u\000m\000e\000n\000t\000a\000t\000i\000o\000n}{section.6.2}% 38
\BOOKMARK [3][-]{subsubsection.6.2.3.1}{\376\377\0006\000.\0002\000.\0003\000.\0001\000\040\000c\000l\000o\000s\000e\000C\000u\000r\000r\000e\000n\000t\000I\000n\000t\000e\000r\000f\000a\000c\000e\000\050\000\051}{subsection.6.2.3}% 39
\BOOKMARK [3][-]{subsubsection.6.2.3.2}{\376\377\0006\000.\0002\000.\0003\000.\0002\000\040\000g\000e\000t\000C\000u\000r\000r\000e\000n\000t\000I\000n\000t\000e\000r\000f\000a\000c\000e\000\050\000\051}{subsection.6.2.3}% 40
\BOOKMARK [3][-]{subsubsection.6.2.3.3}{\376\377\0006\000.\0002\000.\0003\000.\0003\000\040\000i\000s\000A\000D\000e\000v\000i\000c\000e\000S\000e\000t\000\050\000\051}{subsection.6.2.3}% 41
\BOOKMARK [3][-]{subsubsection.6.2.3.4}{\376\377\0006\000.\0002\000.\0003\000.\0004\000\040\000s\000e\000t\000C\000u\000r\000r\000e\000n\000t\000I\000n\000t\000e\000r\000f\000a\000c\000e\000\050\000\051}{subsection.6.2.3}% 42
\BOOKMARK [1][-]{section.6.3}{\376\377\0006\000.\0003\000\040\000C\000o\000m\000m\000o\000n\000I\000n\000t\000e\000r\000f\000a\000c\000e\000S\000e\000l\000e\000c\000t\000o\000r\000\040\000C\000l\000a\000s\000s\000\040\000R\000e\000f\000e\000r\000e\000n\000c\000e}{chapter.6}% 43
\BOOKMARK [2][-]{subsection.6.3.1}{\376\377\0006\000.\0003\000.\0001\000\040\000C\000o\000n\000s\000t\000r\000u\000c\000t\000o\000r\000\040\000\046\000\040\000D\000e\000s\000t\000r\000u\000c\000t\000o\000r\000\040\000D\000o\000c\000u\000m\000e\000n\000t\000a\000t\000i\000o\000n}{section.6.3}% 44
\BOOKMARK [3][-]{subsubsection.6.3.1.1}{\376\377\0006\000.\0003\000.\0001\000.\0001\000\040\000C\000o\000m\000m\000o\000n\000I\000n\000t\000e\000r\000f\000a\000c\000e\000S\000e\000l\000e\000c\000t\000o\000r\000\050\000\051}{subsection.6.3.1}% 45
\BOOKMARK [3][-]{subsubsection.6.3.1.2}{\376\377\0006\000.\0003\000.\0001\000.\0002\000\040\000\040\000C\000o\000m\000m\000o\000n\000I\000n\000t\000e\000r\000f\000a\000c\000e\000S\000e\000l\000e\000c\000t\000o\000r\000\050\000\051}{subsection.6.3.1}% 46
\BOOKMARK [1][-]{section.6.4}{\376\377\0006\000.\0004\000\040\000D\000e\000m\000o\000D\000e\000v\000i\000c\000e\000\040\000C\000l\000a\000s\000s\000\040\000R\000e\000f\000e\000r\000e\000n\000c\000e}{chapter.6}% 47
\BOOKMARK [2][-]{subsection.6.4.1}{\376\377\0006\000.\0004\000.\0001\000\040\000C\000o\000n\000s\000t\000r\000u\000c\000t\000o\000r\000\040\000\046\000\040\000D\000e\000s\000t\000r\000u\000c\000t\000o\000r\000\040\000D\000o\000c\000u\000m\000e\000n\000t\000a\000t\000i\000o\000n}{section.6.4}% 48
\BOOKMARK [3][-]{subsubsection.6.4.1.1}{\376\377\0006\000.\0004\000.\0001\000.\0001\000\040\000D\000e\000m\000o\000D\000e\000v\000i\000c\000e\000\050\000\051}{subsection.6.4.1}% 49
\BOOKMARK [3][-]{subsubsection.6.4.1.2}{\376\377\0006\000.\0004\000.\0001\000.\0002\000\040\000\040\000D\000e\000m\000o\000D\000e\000v\000i\000c\000e\000\050\000\051}{subsection.6.4.1}% 50
\BOOKMARK [2][-]{subsection.6.4.2}{\376\377\0006\000.\0004\000.\0002\000\040\000M\000e\000m\000b\000e\000r\000\040\000F\000u\000n\000c\000t\000i\000o\000n\000\040\000D\000o\000c\000u\000m\000e\000n\000t\000a\000t\000i\000o\000n}{section.6.4}% 51
\BOOKMARK [3][-]{subsubsection.6.4.2.1}{\376\377\0006\000.\0004\000.\0002\000.\0001\000\040\000e\000m\000p\000t\000y\000\050\000\051}{subsection.6.4.2}% 52
\BOOKMARK [3][-]{subsubsection.6.4.2.2}{\376\377\0006\000.\0004\000.\0002\000.\0002\000\040\000f\000l\000u\000s\000h\000R\000X\000\050\000\051}{subsection.6.4.2}% 53
\BOOKMARK [3][-]{subsubsection.6.4.2.3}{\376\377\0006\000.\0004\000.\0002\000.\0003\000\040\000f\000l\000u\000s\000h\000T\000X\000\050\000\051}{subsection.6.4.2}% 54
\BOOKMARK [3][-]{subsubsection.6.4.2.4}{\376\377\0006\000.\0004\000.\0002\000.\0004\000\040\000i\000s\000R\000e\000a\000d\000y\000\050\000\051}{subsection.6.4.2}% 55
\BOOKMARK [3][-]{subsubsection.6.4.2.5}{\376\377\0006\000.\0004\000.\0002\000.\0005\000\040\000n\000a\000m\000e\000\050\000\051}{subsection.6.4.2}% 56
\BOOKMARK [3][-]{subsubsection.6.4.2.6}{\376\377\0006\000.\0004\000.\0002\000.\0006\000\040\000p\000o\000p\000B\000y\000t\000e\000\050\000\051}{subsection.6.4.2}% 57
\BOOKMARK [3][-]{subsubsection.6.4.2.7}{\376\377\0006\000.\0004\000.\0002\000.\0007\000\040\000p\000o\000p\000P\000a\000c\000k\000e\000t\000\050\000\051}{subsection.6.4.2}% 58
\BOOKMARK [3][-]{subsubsection.6.4.2.8}{\376\377\0006\000.\0004\000.\0002\000.\0008\000\040\000p\000u\000s\000h\000B\000y\000t\000e\000\050\000\051}{subsection.6.4.2}% 59
\BOOKMARK [3][-]{subsubsection.6.4.2.9}{\376\377\0006\000.\0004\000.\0002\000.\0009\000\040\000p\000u\000s\000h\000P\000a\000c\000k\000e\000t\000\050\000\051}{subsection.6.4.2}% 60
\BOOKMARK [3][-]{subsubsection.6.4.2.10}{\376\377\0006\000.\0004\000.\0002\000.\0001\0000\000\040\000s\000e\000t\000D\000e\000f\000a\000u\000l\000t\000s\000\050\000\051}{subsection.6.4.2}% 61
\BOOKMARK [3][-]{subsubsection.6.4.2.11}{\376\377\0006\000.\0004\000.\0002\000.\0001\0001\000\040\000s\000t\000a\000r\000t\000D\000e\000v\000i\000c\000e\000\050\000\051}{subsection.6.4.2}% 62
\BOOKMARK [3][-]{subsubsection.6.4.2.12}{\376\377\0006\000.\0004\000.\0002\000.\0001\0002\000\040\000s\000t\000o\000p\000D\000e\000v\000i\000c\000e\000\050\000\051}{subsection.6.4.2}% 63
\BOOKMARK [3][-]{subsubsection.6.4.2.13}{\376\377\0006\000.\0004\000.\0002\000.\0001\0003\000\040\000s\000y\000n\000c\000R\000X\000\050\000\051}{subsection.6.4.2}% 64
\BOOKMARK [3][-]{subsubsection.6.4.2.14}{\376\377\0006\000.\0004\000.\0002\000.\0001\0004\000\040\000s\000y\000n\000c\000T\000X\000\050\000\051}{subsection.6.4.2}% 65
\BOOKMARK [1][-]{section.6.5}{\376\377\0006\000.\0005\000\040\000F\000l\000y\000P\000a\000c\000k\000e\000t\000\040\000C\000l\000a\000s\000s\000\040\000R\000e\000f\000e\000r\000e\000n\000c\000e}{chapter.6}% 66
\BOOKMARK [2][-]{subsection.6.5.1}{\376\377\0006\000.\0005\000.\0001\000\040\000C\000o\000n\000s\000t\000r\000u\000c\000t\000o\000r\000\040\000\046\000\040\000D\000e\000s\000t\000r\000u\000c\000t\000o\000r\000\040\000D\000o\000c\000u\000m\000e\000n\000t\000a\000t\000i\000o\000n}{section.6.5}% 67
\BOOKMARK [3][-]{subsubsection.6.5.1.1}{\376\377\0006\000.\0005\000.\0001\000.\0001\000\040\000F\000l\000y\000P\000a\000c\000k\000e\000t\000\050\000\051\000\040\000[\0001\000/\0003\000]}{subsection.6.5.1}% 68
\BOOKMARK [3][-]{subsubsection.6.5.1.2}{\376\377\0006\000.\0005\000.\0001\000.\0002\000\040\000F\000l\000y\000P\000a\000c\000k\000e\000t\000\050\000\051\000\040\000[\0002\000/\0003\000]}{subsection.6.5.1}% 69
\BOOKMARK [3][-]{subsubsection.6.5.1.3}{\376\377\0006\000.\0005\000.\0001\000.\0003\000\040\000F\000l\000y\000P\000a\000c\000k\000e\000t\000\050\000\051\000\040\000[\0003\000/\0003\000]}{subsection.6.5.1}% 70
\BOOKMARK [3][-]{subsubsection.6.5.1.4}{\376\377\0006\000.\0005\000.\0001\000.\0004\000\040\000\040\000F\000l\000y\000P\000a\000c\000k\000e\000t\000\050\000\051}{subsection.6.5.1}% 71
\BOOKMARK [2][-]{subsection.6.5.2}{\376\377\0006\000.\0005\000.\0002\000\040\000M\000e\000m\000b\000e\000r\000\040\000F\000u\000n\000c\000t\000i\000o\000n\000\040\000D\000o\000c\000u\000m\000e\000n\000t\000a\000t\000i\000o\000n}{section.6.5}% 72
\BOOKMARK [3][-]{subsubsection.6.5.2.1}{\376\377\0006\000.\0005\000.\0002\000.\0001\000\040\000g\000e\000t\000C\000o\000m\000m\000a\000n\000d\000\050\000\051}{subsection.6.5.2}% 73
\BOOKMARK [3][-]{subsubsection.6.5.2.2}{\376\377\0006\000.\0005\000.\0002\000.\0002\000\040\000g\000e\000t\000F\000l\000o\000a\000t\000\050\000\051}{subsection.6.5.2}% 74
\BOOKMARK [3][-]{subsubsection.6.5.2.3}{\376\377\0006\000.\0005\000.\0002\000.\0003\000\040\000g\000e\000t\000I\000n\000t\000\050\000\051}{subsection.6.5.2}% 75
\BOOKMARK [3][-]{subsubsection.6.5.2.4}{\376\377\0006\000.\0005\000.\0002\000.\0004\000\040\000g\000e\000t\000M\000a\000x\000S\000i\000z\000e\000\050\000\051}{subsection.6.5.2}% 76
\BOOKMARK [3][-]{subsubsection.6.5.2.5}{\376\377\0006\000.\0005\000.\0002\000.\0005\000\040\000i\000s\000R\000e\000a\000d\000a\000b\000l\000e\000\050\000\051}{subsection.6.5.2}% 77
\BOOKMARK [3][-]{subsubsection.6.5.2.6}{\376\377\0006\000.\0005\000.\0002\000.\0006\000\040\000i\000s\000V\000a\000l\000i\000d\000C\000o\000m\000m\000a\000n\000d\000\050\000\051}{subsection.6.5.2}% 78
\BOOKMARK [3][-]{subsubsection.6.5.2.7}{\376\377\0006\000.\0005\000.\0002\000.\0007\000\040\000i\000s\000V\000a\000l\000i\000d\000P\000a\000c\000k\000e\000t\000\050\000\051}{subsection.6.5.2}% 79
\BOOKMARK [3][-]{subsubsection.6.5.2.8}{\376\377\0006\000.\0005\000.\0002\000.\0008\000\040\000i\000s\000W\000r\000i\000t\000e\000a\000b\000l\000e\000\050\000\051}{subsection.6.5.2}% 80
\BOOKMARK [3][-]{subsubsection.6.5.2.9}{\376\377\0006\000.\0005\000.\0002\000.\0009\000\040\000r\000e\000a\000d\000B\000y\000t\000e\000\050\000\051}{subsection.6.5.2}% 81
\BOOKMARK [3][-]{subsubsection.6.5.2.10}{\376\377\0006\000.\0005\000.\0002\000.\0001\0000\000\040\000r\000e\000s\000e\000t\000\050\000\051}{subsection.6.5.2}% 82
\BOOKMARK [3][-]{subsubsection.6.5.2.11}{\376\377\0006\000.\0005\000.\0002\000.\0001\0001\000\040\000s\000e\000t\000C\000o\000m\000m\000a\000n\000d\000\050\000\051}{subsection.6.5.2}% 83
\BOOKMARK [3][-]{subsubsection.6.5.2.12}{\376\377\0006\000.\0005\000.\0002\000.\0001\0002\000\040\000s\000e\000t\000V\000a\000l\000u\000e\000\050\000\051\000\040\000[\0001\000/\0002\000]}{subsection.6.5.2}% 84
\BOOKMARK [3][-]{subsubsection.6.5.2.13}{\376\377\0006\000.\0005\000.\0002\000.\0001\0003\000\040\000s\000e\000t\000V\000a\000l\000u\000e\000\050\000\051\000\040\000[\0002\000/\0002\000]}{subsection.6.5.2}% 85
\BOOKMARK [3][-]{subsubsection.6.5.2.14}{\376\377\0006\000.\0005\000.\0002\000.\0001\0004\000\040\000w\000r\000i\000t\000e\000B\000y\000t\000e\000\050\000\051}{subsection.6.5.2}% 86
\BOOKMARK [1][-]{section.6.6}{\376\377\0006\000.\0006\000\040\000F\000l\000y\000Q\000u\000e\000u\000e\000\040\000C\000l\000a\000s\000s\000\040\000R\000e\000f\000e\000r\000e\000n\000c\000e}{chapter.6}% 87
\BOOKMARK [2][-]{subsection.6.6.1}{\376\377\0006\000.\0006\000.\0001\000\040\000D\000e\000t\000a\000i\000l\000e\000d\000\040\000D\000e\000s\000c\000r\000i\000p\000t\000i\000o\000n}{section.6.6}% 88
\BOOKMARK [2][-]{subsection.6.6.2}{\376\377\0006\000.\0006\000.\0002\000\040\000C\000o\000n\000s\000t\000r\000u\000c\000t\000o\000r\000\040\000\046\000\040\000D\000e\000s\000t\000r\000u\000c\000t\000o\000r\000\040\000D\000o\000c\000u\000m\000e\000n\000t\000a\000t\000i\000o\000n}{section.6.6}% 89
\BOOKMARK [3][-]{subsubsection.6.6.2.1}{\376\377\0006\000.\0006\000.\0002\000.\0001\000\040\000F\000l\000y\000Q\000u\000e\000u\000e\000\050\000\051}{subsection.6.6.2}% 90
\BOOKMARK [3][-]{subsubsection.6.6.2.2}{\376\377\0006\000.\0006\000.\0002\000.\0002\000\040\000\040\000F\000l\000y\000Q\000u\000e\000u\000e\000\050\000\051}{subsection.6.6.2}% 91
\BOOKMARK [2][-]{subsection.6.6.3}{\376\377\0006\000.\0006\000.\0003\000\040\000M\000e\000m\000b\000e\000r\000\040\000F\000u\000n\000c\000t\000i\000o\000n\000\040\000D\000o\000c\000u\000m\000e\000n\000t\000a\000t\000i\000o\000n}{section.6.6}% 92
\BOOKMARK [3][-]{subsubsection.6.6.3.1}{\376\377\0006\000.\0006\000.\0003\000.\0001\000\040\000c\000l\000e\000a\000r\000\050\000\051}{subsection.6.6.3}% 93
\BOOKMARK [3][-]{subsubsection.6.6.3.2}{\376\377\0006\000.\0006\000.\0003\000.\0002\000\040\000i\000s\000E\000m\000p\000t\000y\000\050\000\051}{subsection.6.6.3}% 94
\BOOKMARK [3][-]{subsubsection.6.6.3.3}{\376\377\0006\000.\0006\000.\0003\000.\0003\000\040\000o\000p\000e\000r\000a\000t\000o\000r\000[\000]\000\050\000\051}{subsection.6.6.3}% 95
\BOOKMARK [3][-]{subsubsection.6.6.3.4}{\376\377\0006\000.\0006\000.\0003\000.\0004\000\040\000p\000o\000p\000\050\000\051}{subsection.6.6.3}% 96
\BOOKMARK [3][-]{subsubsection.6.6.3.5}{\376\377\0006\000.\0006\000.\0003\000.\0005\000\040\000p\000u\000s\000h\000\050\000\051}{subsection.6.6.3}% 97
\BOOKMARK [3][-]{subsubsection.6.6.3.6}{\376\377\0006\000.\0006\000.\0003\000.\0006\000\040\000r\000e\000s\000e\000t\000\050\000\051}{subsection.6.6.3}% 98
\BOOKMARK [3][-]{subsubsection.6.6.3.7}{\376\377\0006\000.\0006\000.\0003\000.\0007\000\040\000s\000e\000t\000S\000i\000z\000e\000\050\000\051}{subsection.6.6.3}% 99
\BOOKMARK [1][-]{section.6.7}{\376\377\0006\000.\0007\000\040\000F\000l\000y\000w\000h\000e\000e\000l\000O\000p\000e\000r\000a\000t\000i\000o\000n\000\040\000C\000l\000a\000s\000s\000\040\000R\000e\000f\000e\000r\000e\000n\000c\000e}{chapter.6}% 100
\BOOKMARK [2][-]{subsection.6.7.1}{\376\377\0006\000.\0007\000.\0001\000\040\000D\000e\000t\000a\000i\000l\000e\000d\000\040\000D\000e\000s\000c\000r\000i\000p\000t\000i\000o\000n}{section.6.7}% 101
\BOOKMARK [2][-]{subsection.6.7.2}{\376\377\0006\000.\0007\000.\0002\000\040\000C\000o\000n\000s\000t\000r\000u\000c\000t\000o\000r\000\040\000\046\000\040\000D\000e\000s\000t\000r\000u\000c\000t\000o\000r\000\040\000D\000o\000c\000u\000m\000e\000n\000t\000a\000t\000i\000o\000n}{section.6.7}% 102
\BOOKMARK [3][-]{subsubsection.6.7.2.1}{\376\377\0006\000.\0007\000.\0002\000.\0001\000\040\000F\000l\000y\000w\000h\000e\000e\000l\000O\000p\000e\000r\000a\000t\000i\000o\000n\000\050\000\051\000\040\000[\0001\000/\0002\000]}{subsection.6.7.2}% 103
\BOOKMARK [3][-]{subsubsection.6.7.2.2}{\376\377\0006\000.\0007\000.\0002\000.\0002\000\040\000F\000l\000y\000w\000h\000e\000e\000l\000O\000p\000e\000r\000a\000t\000i\000o\000n\000\050\000\051\000\040\000[\0002\000/\0002\000]}{subsection.6.7.2}% 104
\BOOKMARK [3][-]{subsubsection.6.7.2.3}{\376\377\0006\000.\0007\000.\0002\000.\0003\000\040\000\040\000F\000l\000y\000w\000h\000e\000e\000l\000O\000p\000e\000r\000a\000t\000i\000o\000n\000\050\000\051}{subsection.6.7.2}% 105
\BOOKMARK [2][-]{subsection.6.7.3}{\376\377\0006\000.\0007\000.\0003\000\040\000M\000e\000m\000b\000e\000r\000\040\000F\000u\000n\000c\000t\000i\000o\000n\000\040\000D\000o\000c\000u\000m\000e\000n\000t\000a\000t\000i\000o\000n}{section.6.7}% 106
\BOOKMARK [3][-]{subsubsection.6.7.3.1}{\376\377\0006\000.\0007\000.\0003\000.\0001\000\040\000e\000m\000e\000r\000g\000e\000n\000c\000y\000S\000t\000o\000p\000\050\000\051}{subsection.6.7.3}% 107
\BOOKMARK [3][-]{subsubsection.6.7.3.2}{\376\377\0006\000.\0007\000.\0003\000.\0002\000\040\000g\000e\000t\000A\000c\000c\000e\000l\000e\000r\000a\000t\000i\000o\000n\000\050\000\051}{subsection.6.7.3}% 108
\BOOKMARK [3][-]{subsubsection.6.7.3.3}{\376\377\0006\000.\0007\000.\0003\000.\0003\000\040\000g\000e\000t\000J\000e\000r\000k\000\050\000\051}{subsection.6.7.3}% 109
\BOOKMARK [3][-]{subsubsection.6.7.3.4}{\376\377\0006\000.\0007\000.\0003\000.\0004\000\040\000g\000e\000t\000L\000o\000w\000e\000r\000D\000i\000s\000p\000l\000a\000c\000e\000m\000e\000n\000t\000\050\000\051}{subsection.6.7.3}% 110
\BOOKMARK [3][-]{subsubsection.6.7.3.5}{\376\377\0006\000.\0007\000.\0003\000.\0005\000\040\000g\000e\000t\000R\000o\000t\000a\000t\000i\000o\000n\000a\000l\000P\000o\000s\000i\000t\000i\000o\000n\000\050\000\051}{subsection.6.7.3}% 111
\BOOKMARK [3][-]{subsubsection.6.7.3.6}{\376\377\0006\000.\0007\000.\0003\000.\0006\000\040\000g\000e\000t\000U\000p\000p\000e\000r\000D\000i\000s\000p\000l\000a\000c\000e\000m\000e\000n\000t\000\050\000\051}{subsection.6.7.3}% 112
\BOOKMARK [3][-]{subsubsection.6.7.3.7}{\376\377\0006\000.\0007\000.\0003\000.\0007\000\040\000g\000e\000t\000V\000e\000l\000o\000c\000i\000t\000y\000\050\000\051}{subsection.6.7.3}% 113
\BOOKMARK [3][-]{subsubsection.6.7.3.8}{\376\377\0006\000.\0007\000.\0003\000.\0008\000\040\000s\000e\000t\000A\000c\000c\000e\000l\000e\000r\000a\000t\000i\000o\000n\000\050\000\051}{subsection.6.7.3}% 114
\BOOKMARK [3][-]{subsubsection.6.7.3.9}{\376\377\0006\000.\0007\000.\0003\000.\0009\000\040\000s\000e\000t\000D\000e\000f\000a\000u\000l\000t\000s\000\050\000\051}{subsection.6.7.3}% 115
\BOOKMARK [3][-]{subsubsection.6.7.3.10}{\376\377\0006\000.\0007\000.\0003\000.\0001\0000\000\040\000s\000e\000t\000I\000n\000t\000e\000r\000f\000a\000c\000e\000\050\000\051}{subsection.6.7.3}% 116
\BOOKMARK [3][-]{subsubsection.6.7.3.11}{\376\377\0006\000.\0007\000.\0003\000.\0001\0001\000\040\000s\000e\000t\000J\000e\000r\000k\000\050\000\051}{subsection.6.7.3}% 117
\BOOKMARK [3][-]{subsubsection.6.7.3.12}{\376\377\0006\000.\0007\000.\0003\000.\0001\0002\000\040\000s\000e\000t\000M\000o\000t\000i\000o\000n\000\050\000\051}{subsection.6.7.3}% 118
\BOOKMARK [3][-]{subsubsection.6.7.3.13}{\376\377\0006\000.\0007\000.\0003\000.\0001\0003\000\040\000s\000e\000t\000V\000e\000l\000o\000c\000i\000t\000y\000\050\000\051}{subsection.6.7.3}% 119
\BOOKMARK [3][-]{subsubsection.6.7.3.14}{\376\377\0006\000.\0007\000.\0003\000.\0001\0004\000\040\000s\000y\000n\000c\000\050\000\051}{subsection.6.7.3}% 120
\BOOKMARK [1][-]{section.6.8}{\376\377\0006\000.\0008\000\040\000G\000r\000a\000p\000h\000\040\000C\000l\000a\000s\000s\000\040\000R\000e\000f\000e\000r\000e\000n\000c\000e}{chapter.6}% 121
\BOOKMARK [2][-]{subsection.6.8.1}{\376\377\0006\000.\0008\000.\0001\000\040\000D\000e\000t\000a\000i\000l\000e\000d\000\040\000D\000e\000s\000c\000r\000i\000p\000t\000i\000o\000n}{section.6.8}% 122
\BOOKMARK [2][-]{subsection.6.8.2}{\376\377\0006\000.\0008\000.\0002\000\040\000C\000o\000n\000s\000t\000r\000u\000c\000t\000o\000r\000\040\000\046\000\040\000D\000e\000s\000t\000r\000u\000c\000t\000o\000r\000\040\000D\000o\000c\000u\000m\000e\000n\000t\000a\000t\000i\000o\000n}{section.6.8}% 123
\BOOKMARK [3][-]{subsubsection.6.8.2.1}{\376\377\0006\000.\0008\000.\0002\000.\0001\000\040\000G\000r\000a\000p\000h\000\050\000\051}{subsection.6.8.2}% 124
\BOOKMARK [2][-]{subsection.6.8.3}{\376\377\0006\000.\0008\000.\0003\000\040\000M\000e\000m\000b\000e\000r\000\040\000F\000u\000n\000c\000t\000i\000o\000n\000\040\000D\000o\000c\000u\000m\000e\000n\000t\000a\000t\000i\000o\000n}{section.6.8}% 125
\BOOKMARK [3][-]{subsubsection.6.8.3.1}{\376\377\0006\000.\0008\000.\0003\000.\0001\000\040\000c\000u\000r\000r\000e\000n\000t\000D\000i\000s\000p\000l\000a\000y\000\050\000\051}{subsection.6.8.3}% 126
\BOOKMARK [3][-]{subsubsection.6.8.3.2}{\376\377\0006\000.\0008\000.\0003\000.\0002\000\040\000m\000a\000x\000D\000i\000s\000p\000l\000a\000y\000\050\000\051}{subsection.6.8.3}% 127
\BOOKMARK [2][-]{subsection.6.8.4}{\376\377\0006\000.\0008\000.\0004\000\040\000M\000e\000m\000b\000e\000r\000\040\000D\000a\000t\000a\000\040\000D\000o\000c\000u\000m\000e\000n\000t\000a\000t\000i\000o\000n}{section.6.8}% 128
\BOOKMARK [3][-]{subsubsection.6.8.4.1}{\376\377\0006\000.\0008\000.\0004\000.\0001\000\040\000a\000u\000x\000P\000l\000o\000t}{subsection.6.8.4}% 129
\BOOKMARK [3][-]{subsubsection.6.8.4.2}{\376\377\0006\000.\0008\000.\0004\000.\0002\000\040\000d\000i\000s\000p\000l\000a\000y\000U\000n\000i\000t}{subsection.6.8.4}% 130
\BOOKMARK [3][-]{subsubsection.6.8.4.3}{\376\377\0006\000.\0008\000.\0004\000.\0003\000\040\000m\000a\000i\000n\000P\000l\000o\000t}{subsection.6.8.4}% 131
\BOOKMARK [3][-]{subsubsection.6.8.4.4}{\376\377\0006\000.\0008\000.\0004\000.\0004\000\040\000p\000r\000i\000m\000a\000r\000y\000C\000o\000l\000o\000r}{subsection.6.8.4}% 132
\BOOKMARK [3][-]{subsubsection.6.8.4.5}{\376\377\0006\000.\0008\000.\0004\000.\0005\000\040\000s\000e\000c\000o\000n\000d\000a\000r\000y\000C\000o\000l\000o\000r}{subsection.6.8.4}% 133
\BOOKMARK [1][-]{section.6.9}{\376\377\0006\000.\0009\000\040\000L\000o\000c\000a\000t\000i\000o\000n\000G\000r\000a\000p\000h\000\040\000C\000l\000a\000s\000s\000\040\000R\000e\000f\000e\000r\000e\000n\000c\000e}{chapter.6}% 134
\BOOKMARK [2][-]{subsection.6.9.1}{\376\377\0006\000.\0009\000.\0001\000\040\000D\000e\000t\000a\000i\000l\000e\000d\000\040\000D\000e\000s\000c\000r\000i\000p\000t\000i\000o\000n}{section.6.9}% 135
\BOOKMARK [2][-]{subsection.6.9.2}{\376\377\0006\000.\0009\000.\0002\000\040\000C\000o\000n\000s\000t\000r\000u\000c\000t\000o\000r\000\040\000\046\000\040\000D\000e\000s\000t\000r\000u\000c\000t\000o\000r\000\040\000D\000o\000c\000u\000m\000e\000n\000t\000a\000t\000i\000o\000n}{section.6.9}% 136
\BOOKMARK [3][-]{subsubsection.6.9.2.1}{\376\377\0006\000.\0009\000.\0002\000.\0001\000\040\000L\000o\000c\000a\000t\000i\000o\000n\000G\000r\000a\000p\000h\000\050\000\051}{subsection.6.9.2}% 137
\BOOKMARK [2][-]{subsection.6.9.3}{\376\377\0006\000.\0009\000.\0003\000\040\000M\000e\000m\000b\000e\000r\000\040\000F\000u\000n\000c\000t\000i\000o\000n\000\040\000D\000o\000c\000u\000m\000e\000n\000t\000a\000t\000i\000o\000n}{section.6.9}% 138
\BOOKMARK [3][-]{subsubsection.6.9.3.1}{\376\377\0006\000.\0009\000.\0003\000.\0001\000\040\000a\000d\000d\000D\000a\000t\000a\000\050\000\051}{subsection.6.9.3}% 139
\BOOKMARK [3][-]{subsubsection.6.9.3.2}{\376\377\0006\000.\0009\000.\0003\000.\0002\000\040\000c\000u\000r\000r\000e\000n\000t\000D\000i\000s\000p\000l\000a\000y\000\050\000\051}{subsection.6.9.3}% 140
\BOOKMARK [3][-]{subsubsection.6.9.3.3}{\376\377\0006\000.\0009\000.\0003\000.\0003\000\040\000m\000a\000x\000D\000i\000s\000p\000l\000a\000y\000\050\000\051}{subsection.6.9.3}% 141
\BOOKMARK [2][-]{subsection.6.9.4}{\376\377\0006\000.\0009\000.\0004\000\040\000M\000e\000m\000b\000e\000r\000\040\000D\000a\000t\000a\000\040\000D\000o\000c\000u\000m\000e\000n\000t\000a\000t\000i\000o\000n}{section.6.9}% 142
\BOOKMARK [3][-]{subsubsection.6.9.4.1}{\376\377\0006\000.\0009\000.\0004\000.\0001\000\040\000c\000o\000l\000o\000r\000s}{subsection.6.9.4}% 143
\BOOKMARK [1][-]{section.6.10}{\376\377\0006\000.\0001\0000\000\040\000M\000a\000i\000n\000W\000i\000n\000d\000o\000w\000\040\000C\000l\000a\000s\000s\000\040\000R\000e\000f\000e\000r\000e\000n\000c\000e}{chapter.6}% 144
\BOOKMARK [2][-]{subsection.6.10.1}{\376\377\0006\000.\0001\0000\000.\0001\000\040\000D\000e\000t\000a\000i\000l\000e\000d\000\040\000D\000e\000s\000c\000r\000i\000p\000t\000i\000o\000n}{section.6.10}% 145
\BOOKMARK [2][-]{subsection.6.10.2}{\376\377\0006\000.\0001\0000\000.\0002\000\040\000C\000o\000n\000s\000t\000r\000u\000c\000t\000o\000r\000\040\000\046\000\040\000D\000e\000s\000t\000r\000u\000c\000t\000o\000r\000\040\000D\000o\000c\000u\000m\000e\000n\000t\000a\000t\000i\000o\000n}{section.6.10}% 146
\BOOKMARK [3][-]{subsubsection.6.10.2.1}{\376\377\0006\000.\0001\0000\000.\0002\000.\0001\000\040\000M\000a\000i\000n\000W\000i\000n\000d\000o\000w\000\050\000\051}{subsection.6.10.2}% 147
\BOOKMARK [3][-]{subsubsection.6.10.2.2}{\376\377\0006\000.\0001\0000\000.\0002\000.\0002\000\040\000\040\000M\000a\000i\000n\000W\000i\000n\000d\000o\000w\000\050\000\051}{subsection.6.10.2}% 148
\BOOKMARK [2][-]{subsection.6.10.3}{\376\377\0006\000.\0001\0000\000.\0003\000\040\000M\000e\000m\000b\000e\000r\000\040\000D\000a\000t\000a\000\040\000D\000o\000c\000u\000m\000e\000n\000t\000a\000t\000i\000o\000n}{section.6.10}% 149
\BOOKMARK [3][-]{subsubsection.6.10.3.1}{\376\377\0006\000.\0001\0000\000.\0003\000.\0001\000\040\000a\000c\000c\000e\000l\000e\000r\000a\000t\000i\000o\000n\000S\000l\000o\000p\000e\000T\000i\000m\000e\000r}{subsection.6.10.3}% 150
\BOOKMARK [3][-]{subsubsection.6.10.3.2}{\376\377\0006\000.\0001\0000\000.\0003\000.\0002\000\040\000c\000u\000r\000r\000e\000n\000t\000E\000x\000p\000e\000c\000t\000e\000d\000A\000c\000c\000e\000l\000e\000r\000a\000t\000i\000o\000n}{subsection.6.10.3}% 151
\BOOKMARK [3][-]{subsubsection.6.10.3.3}{\376\377\0006\000.\0001\0000\000.\0003\000.\0003\000\040\000c\000u\000r\000r\000e\000n\000t\000E\000x\000p\000e\000c\000t\000e\000d\000J\000e\000r\000k}{subsection.6.10.3}% 152
\BOOKMARK [3][-]{subsubsection.6.10.3.4}{\376\377\0006\000.\0001\0000\000.\0003\000.\0004\000\040\000c\000u\000r\000r\000e\000n\000t\000E\000x\000p\000e\000c\000t\000e\000d\000V\000e\000l\000o\000c\000i\000t\000y}{subsection.6.10.3}% 153
\BOOKMARK [3][-]{subsubsection.6.10.3.5}{\376\377\0006\000.\0001\0000\000.\0003\000.\0005\000\040\000e\000S\000t\000o\000p\000K\000e\000y}{subsection.6.10.3}% 154
\BOOKMARK [3][-]{subsubsection.6.10.3.6}{\376\377\0006\000.\0001\0000\000.\0003\000.\0006\000\040\000e\000S\000t\000o\000p\000S\000h\000o\000r\000t\000c\000u\000t}{subsection.6.10.3}% 155
\BOOKMARK [3][-]{subsubsection.6.10.3.7}{\376\377\0006\000.\0001\0000\000.\0003\000.\0007\000\040\000f\000l\000y\000w\000h\000e\000e\000l\000R\000e\000f\000r\000e\000s\000h\000R\000a\000t\000e}{subsection.6.10.3}% 156
\BOOKMARK [3][-]{subsubsection.6.10.3.8}{\376\377\0006\000.\0001\0000\000.\0003\000.\0008\000\040\000f\000l\000y\000w\000h\000e\000e\000l\000R\000e\000f\000r\000e\000s\000h\000T\000i\000m\000e\000r}{subsection.6.10.3}% 157
\BOOKMARK [3][-]{subsubsection.6.10.3.9}{\376\377\0006\000.\0001\0000\000.\0003\000.\0009\000\040\000g\000o\000p\000l\000a\000y\000e\000r}{subsection.6.10.3}% 158
\BOOKMARK [3][-]{subsubsection.6.10.3.10}{\376\377\0006\000.\0001\0000\000.\0003\000.\0001\0000\000\040\000g\000r\000a\000p\000h\000R\000e\000f\000r\000e\000s\000h\000R\000a\000t\000e}{subsection.6.10.3}% 159
\BOOKMARK [3][-]{subsubsection.6.10.3.11}{\376\377\0006\000.\0001\0000\000.\0003\000.\0001\0001\000\040\000g\000r\000a\000p\000h\000R\000e\000f\000r\000e\000s\000h\000T\000i\000m\000e\000r}{subsection.6.10.3}% 160
\BOOKMARK [3][-]{subsubsection.6.10.3.12}{\376\377\0006\000.\0001\0000\000.\0003\000.\0001\0002\000\040\000i\000s\000R\000e\000c\000o\000r\000d\000i\000n\000g}{subsection.6.10.3}% 161
\BOOKMARK [3][-]{subsubsection.6.10.3.13}{\376\377\0006\000.\0001\0000\000.\0003\000.\0001\0003\000\040\000i\000s\000S\000c\000a\000l\000e\000L\000o\000c\000k\000e\000d}{subsection.6.10.3}% 162
\BOOKMARK [3][-]{subsubsection.6.10.3.14}{\376\377\0006\000.\0001\0000\000.\0003\000.\0001\0004\000\040\000m\000a\000x\000i\000m\000u\000m\000A\000c\000c\000e\000l\000e\000r\000a\000t\000i\000o\000n}{subsection.6.10.3}% 163
\BOOKMARK [3][-]{subsubsection.6.10.3.15}{\376\377\0006\000.\0001\0000\000.\0003\000.\0001\0005\000\040\000m\000a\000x\000i\000m\000u\000m\000V\000e\000l\000o\000c\000i\000t\000y}{subsection.6.10.3}% 164
\BOOKMARK [3][-]{subsubsection.6.10.3.16}{\376\377\0006\000.\0001\0000\000.\0003\000.\0001\0006\000\040\000p\000l\000a\000y\000S\000o\000u\000n\000d\000s}{subsection.6.10.3}% 165
\BOOKMARK [3][-]{subsubsection.6.10.3.17}{\376\377\0006\000.\0001\0000\000.\0003\000.\0001\0007\000\040\000r\000e\000c\000o\000r\000d\000i\000n\000g}{subsection.6.10.3}% 166
\BOOKMARK [3][-]{subsubsection.6.10.3.18}{\376\377\0006\000.\0001\0000\000.\0003\000.\0001\0008\000\040\000s\000l\000i\000d\000e\000r\000T\000i\000c\000k\000I\000n\000t\000e\000r\000v\000a\000l}{subsection.6.10.3}% 167
\BOOKMARK [3][-]{subsubsection.6.10.3.19}{\376\377\0006\000.\0001\0000\000.\0003\000.\0001\0009\000\040\000s\000t\000o\000p\000p\000l\000a\000y\000e\000r}{subsection.6.10.3}% 168
\BOOKMARK [3][-]{subsubsection.6.10.3.20}{\376\377\0006\000.\0001\0000\000.\0003\000.\0002\0000\000\040\000t\000a\000r\000g\000e\000t\000A\000c\000c\000e\000l\000e\000r\000a\000t\000i\000o\000n}{subsection.6.10.3}% 169
\BOOKMARK [3][-]{subsubsection.6.10.3.21}{\376\377\0006\000.\0001\0000\000.\0003\000.\0002\0001\000\040\000t\000a\000r\000g\000e\000t\000V\000e\000l\000o\000c\000i\000t\000y}{subsection.6.10.3}% 170
\BOOKMARK [3][-]{subsubsection.6.10.3.22}{\376\377\0006\000.\0001\0000\000.\0003\000.\0002\0002\000\040\000u\000i}{subsection.6.10.3}% 171
\BOOKMARK [3][-]{subsubsection.6.10.3.23}{\376\377\0006\000.\0001\0000\000.\0003\000.\0002\0003\000\040\000u\000p\000t\000i\000m\000e}{subsection.6.10.3}% 172
\BOOKMARK [3][-]{subsubsection.6.10.3.24}{\376\377\0006\000.\0001\0000\000.\0003\000.\0002\0004\000\040\000v\000e\000l\000o\000c\000i\000t\000y\000S\000l\000o\000p\000e\000T\000i\000m\000e\000r}{subsection.6.10.3}% 173
\BOOKMARK [3][-]{subsubsection.6.10.3.25}{\376\377\0006\000.\0001\0000\000.\0003\000.\0002\0005\000\040\000y\000A\000x\000i\000s\000D\000i\000s\000p\000l\000a\000y\000B\000u\000f\000f\000e\000r}{subsection.6.10.3}% 174
\BOOKMARK [1][-]{section.6.11}{\376\377\0006\000.\0001\0001\000\040\000R\000e\000c\000o\000r\000d\000i\000n\000g\000O\000p\000e\000r\000a\000t\000i\000o\000n\000\040\000C\000l\000a\000s\000s\000\040\000R\000e\000f\000e\000r\000e\000n\000c\000e}{chapter.6}% 175
\BOOKMARK [2][-]{subsection.6.11.1}{\376\377\0006\000.\0001\0001\000.\0001\000\040\000D\000e\000t\000a\000i\000l\000e\000d\000\040\000D\000e\000s\000c\000r\000i\000p\000t\000i\000o\000n}{section.6.11}% 176
\BOOKMARK [2][-]{subsection.6.11.2}{\376\377\0006\000.\0001\0001\000.\0002\000\040\000C\000o\000n\000s\000t\000r\000u\000c\000t\000o\000r\000\040\000\046\000\040\000D\000e\000s\000t\000r\000u\000c\000t\000o\000r\000\040\000D\000o\000c\000u\000m\000e\000n\000t\000a\000t\000i\000o\000n}{section.6.11}% 177
\BOOKMARK [3][-]{subsubsection.6.11.2.1}{\376\377\0006\000.\0001\0001\000.\0002\000.\0001\000\040\000R\000e\000c\000o\000r\000d\000i\000n\000g\000O\000p\000e\000r\000a\000t\000i\000o\000n\000\050\000\051}{subsection.6.11.2}% 178
\BOOKMARK [2][-]{subsection.6.11.3}{\376\377\0006\000.\0001\0001\000.\0003\000\040\000M\000e\000m\000b\000e\000r\000\040\000F\000u\000n\000c\000t\000i\000o\000n\000\040\000D\000o\000c\000u\000m\000e\000n\000t\000a\000t\000i\000o\000n}{section.6.11}% 179
\BOOKMARK [3][-]{subsubsection.6.11.3.1}{\376\377\0006\000.\0001\0001\000.\0003\000.\0001\000\040\000R\000e\000c\000o\000r\000d\000\050\000\051}{subsection.6.11.3}% 180
\BOOKMARK [3][-]{subsubsection.6.11.3.2}{\376\377\0006\000.\0001\0001\000.\0003\000.\0002\000\040\000S\000t\000a\000r\000t\000\050\000\051}{subsection.6.11.3}% 181
\BOOKMARK [3][-]{subsubsection.6.11.3.3}{\376\377\0006\000.\0001\0001\000.\0003\000.\0003\000\040\000S\000t\000o\000p\000\050\000\051}{subsection.6.11.3}% 182
\BOOKMARK [1][-]{section.6.12}{\376\377\0006\000.\0001\0002\000\040\000S\000c\000r\000o\000l\000l\000i\000n\000g\000T\000i\000m\000e\000G\000r\000a\000p\000h\000\040\000C\000l\000a\000s\000s\000\040\000R\000e\000f\000e\000r\000e\000n\000c\000e}{chapter.6}% 183
\BOOKMARK [2][-]{subsection.6.12.1}{\376\377\0006\000.\0001\0002\000.\0001\000\040\000D\000e\000t\000a\000i\000l\000e\000d\000\040\000D\000e\000s\000c\000r\000i\000p\000t\000i\000o\000n}{section.6.12}% 184
\BOOKMARK [2][-]{subsection.6.12.2}{\376\377\0006\000.\0001\0002\000.\0002\000\040\000C\000o\000n\000s\000t\000r\000u\000c\000t\000o\000r\000\040\000\046\000\040\000D\000e\000s\000t\000r\000u\000c\000t\000o\000r\000\040\000D\000o\000c\000u\000m\000e\000n\000t\000a\000t\000i\000o\000n}{section.6.12}% 185
\BOOKMARK [3][-]{subsubsection.6.12.2.1}{\376\377\0006\000.\0001\0002\000.\0002\000.\0001\000\040\000S\000c\000r\000o\000l\000l\000i\000n\000g\000T\000i\000m\000e\000G\000r\000a\000p\000h\000\050\000\051}{subsection.6.12.2}% 186
\BOOKMARK [2][-]{subsection.6.12.3}{\376\377\0006\000.\0001\0002\000.\0003\000\040\000M\000e\000m\000b\000e\000r\000\040\000F\000u\000n\000c\000t\000i\000o\000n\000\040\000D\000o\000c\000u\000m\000e\000n\000t\000a\000t\000i\000o\000n}{section.6.12}% 187
\BOOKMARK [3][-]{subsubsection.6.12.3.1}{\376\377\0006\000.\0001\0002\000.\0003\000.\0001\000\040\000a\000d\000d\000D\000a\000t\000a\000\050\000\051}{subsection.6.12.3}% 188
\BOOKMARK [3][-]{subsubsection.6.12.3.2}{\376\377\0006\000.\0001\0002\000.\0003\000.\0002\000\040\000c\000u\000r\000r\000e\000n\000t\000D\000i\000s\000p\000l\000a\000y\000\050\000\051}{subsection.6.12.3}% 189
\BOOKMARK [3][-]{subsubsection.6.12.3.3}{\376\377\0006\000.\0001\0002\000.\0003\000.\0003\000\040\000m\000a\000x\000D\000i\000s\000p\000l\000a\000y\000\050\000\051}{subsection.6.12.3}% 190
\BOOKMARK [3][-]{subsubsection.6.12.3.4}{\376\377\0006\000.\0001\0002\000.\0003\000.\0004\000\040\000s\000e\000t\000F\000i\000l\000l\000\050\000\051}{subsection.6.12.3}% 191
\BOOKMARK [1][-]{section.6.13}{\376\377\0006\000.\0001\0003\000\040\000S\000e\000r\000i\000a\000l\000D\000e\000v\000i\000c\000e\000\040\000C\000l\000a\000s\000s\000\040\000R\000e\000f\000e\000r\000e\000n\000c\000e}{chapter.6}% 192
\BOOKMARK [2][-]{subsection.6.13.1}{\376\377\0006\000.\0001\0003\000.\0001\000\040\000D\000e\000t\000a\000i\000l\000e\000d\000\040\000D\000e\000s\000c\000r\000i\000p\000t\000i\000o\000n}{section.6.13}% 193
\BOOKMARK [2][-]{subsection.6.13.2}{\376\377\0006\000.\0001\0003\000.\0002\000\040\000C\000o\000n\000s\000t\000r\000u\000c\000t\000o\000r\000\040\000\046\000\040\000D\000e\000s\000t\000r\000u\000c\000t\000o\000r\000\040\000D\000o\000c\000u\000m\000e\000n\000t\000a\000t\000i\000o\000n}{section.6.13}% 194
\BOOKMARK [3][-]{subsubsection.6.13.2.1}{\376\377\0006\000.\0001\0003\000.\0002\000.\0001\000\040\000S\000e\000r\000i\000a\000l\000D\000e\000v\000i\000c\000e\000\050\000\051\000\040\000[\0001\000/\0005\000]}{subsection.6.13.2}% 195
\BOOKMARK [3][-]{subsubsection.6.13.2.2}{\376\377\0006\000.\0001\0003\000.\0002\000.\0002\000\040\000S\000e\000r\000i\000a\000l\000D\000e\000v\000i\000c\000e\000\050\000\051\000\040\000[\0002\000/\0005\000]}{subsection.6.13.2}% 196
\BOOKMARK [3][-]{subsubsection.6.13.2.3}{\376\377\0006\000.\0001\0003\000.\0002\000.\0003\000\040\000S\000e\000r\000i\000a\000l\000D\000e\000v\000i\000c\000e\000\050\000\051\000\040\000[\0003\000/\0005\000]}{subsection.6.13.2}% 197
\BOOKMARK [3][-]{subsubsection.6.13.2.4}{\376\377\0006\000.\0001\0003\000.\0002\000.\0004\000\040\000S\000e\000r\000i\000a\000l\000D\000e\000v\000i\000c\000e\000\050\000\051\000\040\000[\0004\000/\0005\000]}{subsection.6.13.2}% 198
\BOOKMARK [3][-]{subsubsection.6.13.2.5}{\376\377\0006\000.\0001\0003\000.\0002\000.\0005\000\040\000S\000e\000r\000i\000a\000l\000D\000e\000v\000i\000c\000e\000\050\000\051\000\040\000[\0005\000/\0005\000]}{subsection.6.13.2}% 199
\BOOKMARK [3][-]{subsubsection.6.13.2.6}{\376\377\0006\000.\0001\0003\000.\0002\000.\0006\000\040\000\040\000S\000e\000r\000i\000a\000l\000D\000e\000v\000i\000c\000e\000\050\000\051}{subsection.6.13.2}% 200
\BOOKMARK [2][-]{subsection.6.13.3}{\376\377\0006\000.\0001\0003\000.\0003\000\040\000M\000e\000m\000b\000e\000r\000\040\000F\000u\000n\000c\000t\000i\000o\000n\000\040\000D\000o\000c\000u\000m\000e\000n\000t\000a\000t\000i\000o\000n}{section.6.13}% 201
\BOOKMARK [3][-]{subsubsection.6.13.3.1}{\376\377\0006\000.\0001\0003\000.\0003\000.\0001\000\040\000e\000m\000p\000t\000y\000\050\000\051}{subsection.6.13.3}% 202
\BOOKMARK [3][-]{subsubsection.6.13.3.2}{\376\377\0006\000.\0001\0003\000.\0003\000.\0002\000\040\000f\000l\000u\000s\000h\000R\000X\000\050\000\051}{subsection.6.13.3}% 203
\BOOKMARK [3][-]{subsubsection.6.13.3.3}{\376\377\0006\000.\0001\0003\000.\0003\000.\0003\000\040\000f\000l\000u\000s\000h\000T\000X\000\050\000\051}{subsection.6.13.3}% 204
\BOOKMARK [3][-]{subsubsection.6.13.3.4}{\376\377\0006\000.\0001\0003\000.\0003\000.\0004\000\040\000i\000s\000R\000e\000a\000d\000y\000\050\000\051}{subsection.6.13.3}% 205
\BOOKMARK [3][-]{subsubsection.6.13.3.5}{\376\377\0006\000.\0001\0003\000.\0003\000.\0005\000\040\000n\000a\000m\000e\000\050\000\051}{subsection.6.13.3}% 206
\BOOKMARK [3][-]{subsubsection.6.13.3.6}{\376\377\0006\000.\0001\0003\000.\0003\000.\0006\000\040\000p\000o\000p\000B\000y\000t\000e\000\050\000\051}{subsection.6.13.3}% 207
\BOOKMARK [3][-]{subsubsection.6.13.3.7}{\376\377\0006\000.\0001\0003\000.\0003\000.\0007\000\040\000p\000o\000p\000P\000a\000c\000k\000e\000t\000\050\000\051}{subsection.6.13.3}% 208
\BOOKMARK [3][-]{subsubsection.6.13.3.8}{\376\377\0006\000.\0001\0003\000.\0003\000.\0008\000\040\000p\000u\000s\000h\000B\000y\000t\000e\000\050\000\051}{subsection.6.13.3}% 209
\BOOKMARK [3][-]{subsubsection.6.13.3.9}{\376\377\0006\000.\0001\0003\000.\0003\000.\0009\000\040\000p\000u\000s\000h\000P\000a\000c\000k\000e\000t\000\050\000\051}{subsection.6.13.3}% 210
\BOOKMARK [3][-]{subsubsection.6.13.3.10}{\376\377\0006\000.\0001\0003\000.\0003\000.\0001\0000\000\040\000s\000e\000t\000B\000a\000u\000d\000R\000a\000t\000e\000\050\000\051}{subsection.6.13.3}% 211
\BOOKMARK [3][-]{subsubsection.6.13.3.11}{\376\377\0006\000.\0001\0003\000.\0003\000.\0001\0001\000\040\000s\000e\000t\000D\000a\000t\000a\000B\000i\000t\000s\000\050\000\051}{subsection.6.13.3}% 212
\BOOKMARK [3][-]{subsubsection.6.13.3.12}{\376\377\0006\000.\0001\0003\000.\0003\000.\0001\0002\000\040\000s\000e\000t\000D\000e\000f\000a\000u\000l\000t\000s\000\050\000\051}{subsection.6.13.3}% 213
\BOOKMARK [3][-]{subsubsection.6.13.3.13}{\376\377\0006\000.\0001\0003\000.\0003\000.\0001\0003\000\040\000s\000e\000t\000D\000e\000v\000i\000c\000e\000\050\000\051}{subsection.6.13.3}% 214
\BOOKMARK [3][-]{subsubsection.6.13.3.14}{\376\377\0006\000.\0001\0003\000.\0003\000.\0001\0004\000\040\000s\000e\000t\000F\000l\000o\000w\000C\000o\000n\000t\000r\000o\000l\000\050\000\051}{subsection.6.13.3}% 215
\BOOKMARK [3][-]{subsubsection.6.13.3.15}{\376\377\0006\000.\0001\0003\000.\0003\000.\0001\0005\000\040\000s\000e\000t\000P\000a\000r\000i\000t\000y\000\050\000\051}{subsection.6.13.3}% 216
\BOOKMARK [3][-]{subsubsection.6.13.3.16}{\376\377\0006\000.\0001\0003\000.\0003\000.\0001\0006\000\040\000s\000e\000t\000P\000o\000r\000t\000\050\000\051}{subsection.6.13.3}% 217
\BOOKMARK [3][-]{subsubsection.6.13.3.17}{\376\377\0006\000.\0001\0003\000.\0003\000.\0001\0007\000\040\000s\000e\000t\000S\000t\000o\000p\000B\000i\000t\000s\000\050\000\051}{subsection.6.13.3}% 218
\BOOKMARK [3][-]{subsubsection.6.13.3.18}{\376\377\0006\000.\0001\0003\000.\0003\000.\0001\0008\000\040\000s\000t\000a\000r\000t\000D\000e\000v\000i\000c\000e\000\050\000\051}{subsection.6.13.3}% 219
\BOOKMARK [3][-]{subsubsection.6.13.3.19}{\376\377\0006\000.\0001\0003\000.\0003\000.\0001\0009\000\040\000s\000t\000o\000p\000D\000e\000v\000i\000c\000e\000\050\000\051}{subsection.6.13.3}% 220
\BOOKMARK [3][-]{subsubsection.6.13.3.20}{\376\377\0006\000.\0001\0003\000.\0003\000.\0002\0000\000\040\000s\000y\000n\000c\000R\000X\000\050\000\051}{subsection.6.13.3}% 221
\BOOKMARK [3][-]{subsubsection.6.13.3.21}{\376\377\0006\000.\0001\0003\000.\0003\000.\0002\0001\000\040\000s\000y\000n\000c\000T\000X\000\050\000\051}{subsection.6.13.3}% 222
\BOOKMARK [1][-]{section.6.14}{\376\377\0006\000.\0001\0004\000\040\000S\000e\000t\000P\000a\000s\000s\000w\000o\000r\000d\000D\000i\000a\000l\000o\000g\000\040\000C\000l\000a\000s\000s\000\040\000R\000e\000f\000e\000r\000e\000n\000c\000e}{chapter.6}% 223
\BOOKMARK [2][-]{subsection.6.14.1}{\376\377\0006\000.\0001\0004\000.\0001\000\040\000D\000e\000t\000a\000i\000l\000e\000d\000\040\000D\000e\000s\000c\000r\000i\000p\000t\000i\000o\000n}{section.6.14}% 224
\BOOKMARK [2][-]{subsection.6.14.2}{\376\377\0006\000.\0001\0004\000.\0002\000\040\000C\000o\000n\000s\000t\000r\000u\000c\000t\000o\000r\000\040\000\046\000\040\000D\000e\000s\000t\000r\000u\000c\000t\000o\000r\000\040\000D\000o\000c\000u\000m\000e\000n\000t\000a\000t\000i\000o\000n}{section.6.14}% 225
\BOOKMARK [3][-]{subsubsection.6.14.2.1}{\376\377\0006\000.\0001\0004\000.\0002\000.\0001\000\040\000S\000e\000t\000P\000a\000s\000s\000w\000o\000r\000d\000D\000i\000a\000l\000o\000g\000\050\000\051}{subsection.6.14.2}% 226
\BOOKMARK [3][-]{subsubsection.6.14.2.2}{\376\377\0006\000.\0001\0004\000.\0002\000.\0002\000\040\000\040\000S\000e\000t\000P\000a\000s\000s\000w\000o\000r\000d\000D\000i\000a\000l\000o\000g\000\050\000\051}{subsection.6.14.2}% 227
\BOOKMARK [1][-]{section.6.15}{\376\377\0006\000.\0001\0005\000\040\000T\000r\000a\000n\000s\000m\000i\000t\000B\000u\000f\000f\000e\000r\000\040\000C\000l\000a\000s\000s\000\040\000R\000e\000f\000e\000r\000e\000n\000c\000e}{chapter.6}% 228
\BOOKMARK [2][-]{subsection.6.15.1}{\376\377\0006\000.\0001\0005\000.\0001\000\040\000D\000e\000t\000a\000i\000l\000e\000d\000\040\000D\000e\000s\000c\000r\000i\000p\000t\000i\000o\000n}{section.6.15}% 229
\BOOKMARK [2][-]{subsection.6.15.2}{\376\377\0006\000.\0001\0005\000.\0002\000\040\000C\000o\000n\000s\000t\000r\000u\000c\000t\000o\000r\000\040\000\046\000\040\000D\000e\000s\000t\000r\000u\000c\000t\000o\000r\000\040\000D\000o\000c\000u\000m\000e\000n\000t\000a\000t\000i\000o\000n}{section.6.15}% 230
\BOOKMARK [3][-]{subsubsection.6.15.2.1}{\376\377\0006\000.\0001\0005\000.\0002\000.\0001\000\040\000T\000r\000a\000n\000s\000m\000i\000t\000B\000u\000f\000f\000e\000r\000\050\000\051}{subsection.6.15.2}% 231
\BOOKMARK [3][-]{subsubsection.6.15.2.2}{\376\377\0006\000.\0001\0005\000.\0002\000.\0002\000\040\000\040\000T\000r\000a\000n\000s\000m\000i\000t\000B\000u\000f\000f\000e\000r\000\050\000\051}{subsection.6.15.2}% 232
\BOOKMARK [2][-]{subsection.6.15.3}{\376\377\0006\000.\0001\0005\000.\0003\000\040\000M\000e\000m\000b\000e\000r\000\040\000F\000u\000n\000c\000t\000i\000o\000n\000\040\000D\000o\000c\000u\000m\000e\000n\000t\000a\000t\000i\000o\000n}{section.6.15}% 233
\BOOKMARK [3][-]{subsubsection.6.15.3.1}{\376\377\0006\000.\0001\0005\000.\0003\000.\0001\000\040\000b\000y\000t\000e\000s\000A\000v\000a\000i\000l\000a\000b\000l\000e\000\050\000\051}{subsection.6.15.3}% 234
\BOOKMARK [3][-]{subsubsection.6.15.3.2}{\376\377\0006\000.\0001\0005\000.\0003\000.\0002\000\040\000f\000l\000u\000s\000h\000\050\000\051}{subsection.6.15.3}% 235
\BOOKMARK [3][-]{subsubsection.6.15.3.3}{\376\377\0006\000.\0001\0005\000.\0003\000.\0003\000\040\000p\000a\000c\000k\000e\000t\000s\000A\000v\000a\000i\000l\000a\000b\000l\000e\000\050\000\051}{subsection.6.15.3}% 236
\BOOKMARK [3][-]{subsubsection.6.15.3.4}{\376\377\0006\000.\0001\0005\000.\0003\000.\0004\000\040\000p\000o\000p\000B\000y\000t\000e\000\050\000\051}{subsection.6.15.3}% 237
\BOOKMARK [3][-]{subsubsection.6.15.3.5}{\376\377\0006\000.\0001\0005\000.\0003\000.\0005\000\040\000p\000o\000p\000P\000a\000c\000k\000e\000t\000\050\000\051}{subsection.6.15.3}% 238
\BOOKMARK [3][-]{subsubsection.6.15.3.6}{\376\377\0006\000.\0001\0005\000.\0003\000.\0006\000\040\000p\000u\000s\000h\000B\000y\000t\000e\000\050\000\051}{subsection.6.15.3}% 239
\BOOKMARK [3][-]{subsubsection.6.15.3.7}{\376\377\0006\000.\0001\0005\000.\0003\000.\0007\000\040\000p\000u\000s\000h\000P\000a\000c\000k\000e\000t\000\050\000\051}{subsection.6.15.3}% 240
\BOOKMARK [0][-]{chapter.7}{\376\377\0007\000\040\000F\000i\000l\000e\000\040\000D\000o\000c\000u\000m\000e\000n\000t\000a\000t\000i\000o\000n}{}% 241
\BOOKMARK [1][-]{section.7.1}{\376\377\0007\000.\0001\000\040\000F\000E\000S\000S\000-\000G\000U\000I\000/\000c\000o\000m\000m\000o\000n\000d\000e\000v\000i\000c\000e\000i\000n\000t\000e\000r\000f\000a\000c\000e\000.\000h\000\040\000F\000i\000l\000e\000\040\000R\000e\000f\000e\000r\000e\000n\000c\000e}{chapter.7}% 242
\BOOKMARK [1][-]{section.7.2}{\376\377\0007\000.\0002\000\040\000F\000E\000S\000S\000-\000G\000U\000I\000/\000c\000o\000m\000m\000o\000n\000i\000n\000t\000e\000r\000f\000a\000c\000e\000m\000a\000n\000a\000g\000e\000r\000.\000c\000p\000p\000\040\000F\000i\000l\000e\000\040\000R\000e\000f\000e\000r\000e\000n\000c\000e}{chapter.7}% 243
\BOOKMARK [1][-]{section.7.3}{\376\377\0007\000.\0003\000\040\000F\000E\000S\000S\000-\000G\000U\000I\000/\000c\000o\000m\000m\000o\000n\000i\000n\000t\000e\000r\000f\000a\000c\000e\000m\000a\000n\000a\000g\000e\000r\000.\000h\000\040\000F\000i\000l\000e\000\040\000R\000e\000f\000e\000r\000e\000n\000c\000e}{chapter.7}% 244
\BOOKMARK [1][-]{section.7.4}{\376\377\0007\000.\0004\000\040\000F\000E\000S\000S\000-\000G\000U\000I\000/\000c\000o\000m\000m\000o\000n\000i\000n\000t\000e\000r\000f\000a\000c\000e\000s\000e\000l\000e\000c\000t\000o\000r\000.\000c\000p\000p\000\040\000F\000i\000l\000e\000\040\000R\000e\000f\000e\000r\000e\000n\000c\000e}{chapter.7}% 245
\BOOKMARK [1][-]{section.7.5}{\376\377\0007\000.\0005\000\040\000F\000E\000S\000S\000-\000G\000U\000I\000/\000c\000o\000m\000m\000o\000n\000i\000n\000t\000e\000r\000f\000a\000c\000e\000s\000e\000l\000e\000c\000t\000o\000r\000.\000h\000\040\000F\000i\000l\000e\000\040\000R\000e\000f\000e\000r\000e\000n\000c\000e}{chapter.7}% 246
\BOOKMARK [1][-]{section.7.6}{\376\377\0007\000.\0006\000\040\000F\000E\000S\000S\000-\000G\000U\000I\000/\000c\000o\000n\000v\000e\000r\000s\000i\000o\000n\000s\000.\000c\000p\000p\000\040\000F\000i\000l\000e\000\040\000R\000e\000f\000e\000r\000e\000n\000c\000e}{chapter.7}% 247
\BOOKMARK [2][-]{subsection.7.6.1}{\376\377\0007\000.\0006\000.\0001\000\040\000F\000u\000n\000c\000t\000i\000o\000n\000\040\000D\000o\000c\000u\000m\000e\000n\000t\000a\000t\000i\000o\000n}{section.7.6}% 248
\BOOKMARK [3][-]{subsubsection.7.6.1.1}{\376\377\0007\000.\0006\000.\0001\000.\0001\000\040\000b\000y\000t\000e\000A\000r\000r\000a\000y\000T\000o\000F\000l\000o\000a\000t\000\050\000\051}{subsection.7.6.1}% 249
\BOOKMARK [3][-]{subsubsection.7.6.1.2}{\376\377\0007\000.\0006\000.\0001\000.\0002\000\040\000b\000y\000t\000e\000A\000r\000r\000a\000y\000T\000o\000I\000n\000t\000\050\000\051}{subsection.7.6.1}% 250
\BOOKMARK [3][-]{subsubsection.7.6.1.3}{\376\377\0007\000.\0006\000.\0001\000.\0003\000\040\000d\000e\000r\000i\000v\000a\000t\000i\000v\000e\000\050\000\051}{subsection.7.6.1}% 251
\BOOKMARK [3][-]{subsubsection.7.6.1.4}{\376\377\0007\000.\0006\000.\0001\000.\0004\000\040\000f\000l\000o\000a\000t\000T\000o\000B\000y\000t\000e\000A\000r\000r\000a\000y\000\050\000\051}{subsection.7.6.1}% 252
\BOOKMARK [3][-]{subsubsection.7.6.1.5}{\376\377\0007\000.\0006\000.\0001\000.\0005\000\040\000i\000n\000t\000T\000o\000B\000y\000t\000e\000A\000r\000r\000a\000y\000\050\000\051}{subsection.7.6.1}% 253
\BOOKMARK [3][-]{subsubsection.7.6.1.6}{\376\377\0007\000.\0006\000.\0001\000.\0006\000\040\000r\000a\000d\000s\000P\000e\000r\000S\000e\000c\000o\000n\000d\000T\000o\000R\000P\000M\000\050\000\051}{subsection.7.6.1}% 254
\BOOKMARK [3][-]{subsubsection.7.6.1.7}{\376\377\0007\000.\0006\000.\0001\000.\0007\000\040\000r\000e\000f\000r\000e\000s\000h\000R\000a\000t\000e\000T\000o\000M\000S\000\050\000\051}{subsection.7.6.1}% 255
\BOOKMARK [3][-]{subsubsection.7.6.1.8}{\376\377\0007\000.\0006\000.\0001\000.\0008\000\040\000R\000P\000M\000t\000o\000R\000a\000d\000s\000P\000e\000r\000S\000e\000c\000o\000n\000d\000\050\000\051}{subsection.7.6.1}% 256
\BOOKMARK [3][-]{subsubsection.7.6.1.9}{\376\377\0007\000.\0006\000.\0001\000.\0009\000\040\000z\000e\000r\000o\000A\000r\000r\000a\000y\000\050\000\051}{subsection.7.6.1}% 257
\BOOKMARK [1][-]{section.7.7}{\376\377\0007\000.\0007\000\040\000F\000E\000S\000S\000-\000G\000U\000I\000/\000c\000o\000n\000v\000e\000r\000s\000i\000o\000n\000s\000.\000h\000\040\000F\000i\000l\000e\000\040\000R\000e\000f\000e\000r\000e\000n\000c\000e}{chapter.7}% 258
\BOOKMARK [2][-]{subsection.7.7.1}{\376\377\0007\000.\0007\000.\0001\000\040\000M\000a\000c\000r\000o\000\040\000D\000e\000f\000i\000n\000i\000t\000i\000o\000n\000\040\000D\000o\000c\000u\000m\000e\000n\000t\000a\000t\000i\000o\000n}{section.7.7}% 259
\BOOKMARK [3][-]{subsubsection.7.7.1.1}{\376\377\0007\000.\0007\000.\0001\000.\0001\000\040\000T\000A\000U}{subsection.7.7.1}% 260
\BOOKMARK [2][-]{subsection.7.7.2}{\376\377\0007\000.\0007\000.\0002\000\040\000T\000y\000p\000e\000d\000e\000f\000\040\000D\000o\000c\000u\000m\000e\000n\000t\000a\000t\000i\000o\000n}{section.7.7}% 261
\BOOKMARK [3][-]{subsubsection.7.7.2.1}{\376\377\0007\000.\0007\000.\0002\000.\0001\000\040\000F\000l\000y\000B\000y\000t\000e}{subsection.7.7.2}% 262
\BOOKMARK [2][-]{subsection.7.7.3}{\376\377\0007\000.\0007\000.\0003\000\040\000F\000u\000n\000c\000t\000i\000o\000n\000\040\000D\000o\000c\000u\000m\000e\000n\000t\000a\000t\000i\000o\000n}{section.7.7}% 263
\BOOKMARK [3][-]{subsubsection.7.7.3.1}{\376\377\0007\000.\0007\000.\0003\000.\0001\000\040\000b\000y\000t\000e\000A\000r\000r\000a\000y\000T\000o\000F\000l\000o\000a\000t\000\050\000\051}{subsection.7.7.3}% 264
\BOOKMARK [3][-]{subsubsection.7.7.3.2}{\376\377\0007\000.\0007\000.\0003\000.\0002\000\040\000b\000y\000t\000e\000A\000r\000r\000a\000y\000T\000o\000I\000n\000t\000\050\000\051}{subsection.7.7.3}% 265
\BOOKMARK [3][-]{subsubsection.7.7.3.3}{\376\377\0007\000.\0007\000.\0003\000.\0003\000\040\000d\000e\000r\000i\000v\000a\000t\000i\000v\000e\000\050\000\051}{subsection.7.7.3}% 266
\BOOKMARK [3][-]{subsubsection.7.7.3.4}{\376\377\0007\000.\0007\000.\0003\000.\0004\000\040\000f\000l\000o\000a\000t\000T\000o\000B\000y\000t\000e\000A\000r\000r\000a\000y\000\050\000\051}{subsection.7.7.3}% 267
\BOOKMARK [3][-]{subsubsection.7.7.3.5}{\376\377\0007\000.\0007\000.\0003\000.\0005\000\040\000i\000n\000t\000T\000o\000B\000y\000t\000e\000A\000r\000r\000a\000y\000\050\000\051}{subsection.7.7.3}% 268
\BOOKMARK [3][-]{subsubsection.7.7.3.6}{\376\377\0007\000.\0007\000.\0003\000.\0006\000\040\000r\000a\000d\000s\000P\000e\000r\000S\000e\000c\000o\000n\000d\000T\000o\000R\000P\000M\000\050\000\051}{subsection.7.7.3}% 269
\BOOKMARK [3][-]{subsubsection.7.7.3.7}{\376\377\0007\000.\0007\000.\0003\000.\0007\000\040\000r\000e\000f\000r\000e\000s\000h\000R\000a\000t\000e\000T\000o\000M\000S\000\050\000\051}{subsection.7.7.3}% 270
\BOOKMARK [3][-]{subsubsection.7.7.3.8}{\376\377\0007\000.\0007\000.\0003\000.\0008\000\040\000R\000P\000M\000t\000o\000R\000a\000d\000s\000P\000e\000r\000S\000e\000c\000o\000n\000d\000\050\000\051}{subsection.7.7.3}% 271
\BOOKMARK [3][-]{subsubsection.7.7.3.9}{\376\377\0007\000.\0007\000.\0003\000.\0009\000\040\000z\000e\000r\000o\000A\000r\000r\000a\000y\000\050\000\051}{subsection.7.7.3}% 272
\BOOKMARK [1][-]{section.7.8}{\376\377\0007\000.\0008\000\040\000F\000E\000S\000S\000-\000G\000U\000I\000/\000d\000e\000m\000o\000d\000e\000v\000i\000c\000e\000.\000c\000p\000p\000\040\000F\000i\000l\000e\000\040\000R\000e\000f\000e\000r\000e\000n\000c\000e}{chapter.7}% 273
\BOOKMARK [1][-]{section.7.9}{\376\377\0007\000.\0009\000\040\000F\000E\000S\000S\000-\000G\000U\000I\000/\000d\000e\000m\000o\000d\000e\000v\000i\000c\000e\000.\000h\000\040\000F\000i\000l\000e\000\040\000R\000e\000f\000e\000r\000e\000n\000c\000e}{chapter.7}% 274
\BOOKMARK [2][-]{subsection.7.9.1}{\376\377\0007\000.\0009\000.\0001\000\040\000M\000a\000c\000r\000o\000\040\000D\000e\000f\000i\000n\000i\000t\000i\000o\000n\000\040\000D\000o\000c\000u\000m\000e\000n\000t\000a\000t\000i\000o\000n}{section.7.9}% 275
\BOOKMARK [3][-]{subsubsection.7.9.1.1}{\376\377\0007\000.\0009\000.\0001\000.\0001\000\040\000C\000O\000M\000M\000A\000N\000D}{subsection.7.9.1}% 276
\BOOKMARK [3][-]{subsubsection.7.9.1.2}{\376\377\0007\000.\0009\000.\0001\000.\0002\000\040\000R\000A\000N\000D\000O\000M}{subsection.7.9.1}% 277
\BOOKMARK [3][-]{subsubsection.7.9.1.3}{\376\377\0007\000.\0009\000.\0001\000.\0003\000\040\000S\000T\000O\000P}{subsection.7.9.1}% 278
\BOOKMARK [1][-]{section.7.10}{\376\377\0007\000.\0001\0000\000\040\000F\000E\000S\000S\000-\000G\000U\000I\000/\000f\000l\000y\000p\000a\000c\000k\000e\000t\000.\000c\000p\000p\000\040\000F\000i\000l\000e\000\040\000R\000e\000f\000e\000r\000e\000n\000c\000e}{chapter.7}% 279
\BOOKMARK [1][-]{section.7.11}{\376\377\0007\000.\0001\0001\000\040\000F\000E\000S\000S\000-\000G\000U\000I\000/\000f\000l\000y\000p\000a\000c\000k\000e\000t\000.\000h\000\040\000F\000i\000l\000e\000\040\000R\000e\000f\000e\000r\000e\000n\000c\000e}{chapter.7}% 280
\BOOKMARK [2][-]{subsection.7.11.1}{\376\377\0007\000.\0001\0001\000.\0001\000\040\000M\000a\000c\000r\000o\000\040\000D\000e\000f\000i\000n\000i\000t\000i\000o\000n\000\040\000D\000o\000c\000u\000m\000e\000n\000t\000a\000t\000i\000o\000n}{section.7.11}% 281
\BOOKMARK [3][-]{subsubsection.7.11.1.1}{\376\377\0007\000.\0001\0001\000.\0001\000.\0001\000\040\000C\000C\000C\000\137\000E\000R\000R\000O\000R}{subsection.7.11.1}% 282
\BOOKMARK [3][-]{subsubsection.7.11.1.2}{\376\377\0007\000.\0001\0001\000.\0001\000.\0002\000\040\000C\000C\000M\000\137\000E\000M\000E\000R\000G\000E\000N\000C\000Y\000\137\000S\000T\000O\000P}{subsection.7.11.1}% 283
\BOOKMARK [3][-]{subsubsection.7.11.1.3}{\376\377\0007\000.\0001\0001\000.\0001\000.\0003\000\040\000C\000C\000M\000\137\000S\000E\000T\000\137\000A\000C\000C\000E\000L\000E\000R\000A\000T\000I\000O\000N}{subsection.7.11.1}% 284
\BOOKMARK [3][-]{subsubsection.7.11.1.4}{\376\377\0007\000.\0001\0001\000.\0001\000.\0004\000\040\000C\000C\000M\000\137\000S\000E\000T\000\137\000J\000E\000R\000K}{subsection.7.11.1}% 285
\BOOKMARK [3][-]{subsubsection.7.11.1.5}{\376\377\0007\000.\0001\0001\000.\0001\000.\0005\000\040\000C\000C\000M\000\137\000S\000E\000T\000\137\000V\000E\000L\000O\000C\000I\000T\000Y}{subsection.7.11.1}% 286
\BOOKMARK [3][-]{subsubsection.7.11.1.6}{\376\377\0007\000.\0001\0001\000.\0001\000.\0006\000\040\000C\000C\000M\000\137\000S\000T\000A\000R\000T}{subsection.7.11.1}% 287
\BOOKMARK [3][-]{subsubsection.7.11.1.7}{\376\377\0007\000.\0001\0001\000.\0001\000.\0007\000\040\000C\000C\000M\000\137\000S\000T\000O\000P}{subsection.7.11.1}% 288
\BOOKMARK [3][-]{subsubsection.7.11.1.8}{\376\377\0007\000.\0001\0001\000.\0001\000.\0008\000\040\000C\000D\000M\000\137\000S\000E\000N\000D\000\137\000A\000C\000C\000E\000L\000E\000R\000A\000T\000I\000O\000N}{subsection.7.11.1}% 289
\BOOKMARK [3][-]{subsubsection.7.11.1.9}{\376\377\0007\000.\0001\0001\000.\0001\000.\0009\000\040\000C\000D\000M\000\137\000S\000E\000N\000D\000\137\000J\000E\000R\000K}{subsection.7.11.1}% 290
\BOOKMARK [3][-]{subsubsection.7.11.1.10}{\376\377\0007\000.\0001\0001\000.\0001\000.\0001\0000\000\040\000C\000D\000M\000\137\000S\000E\000N\000D\000\137\000L\000O\000W\000E\000R\000\137\000D\000I\000S\000P\000L\000A\000C\000E\000M\000E\000N\000T\000\137\000X}{subsection.7.11.1}% 291
\BOOKMARK [3][-]{subsubsection.7.11.1.11}{\376\377\0007\000.\0001\0001\000.\0001\000.\0001\0001\000\040\000C\000D\000M\000\137\000S\000E\000N\000D\000\137\000L\000O\000W\000E\000R\000\137\000D\000I\000S\000P\000L\000A\000C\000E\000M\000E\000N\000T\000\137\000Y}{subsection.7.11.1}% 292
\BOOKMARK [3][-]{subsubsection.7.11.1.12}{\376\377\0007\000.\0001\0001\000.\0001\000.\0001\0002\000\040\000C\000D\000M\000\137\000S\000E\000N\000D\000\137\000N\000U\000L\000L}{subsection.7.11.1}% 293
\BOOKMARK [3][-]{subsubsection.7.11.1.13}{\376\377\0007\000.\0001\0001\000.\0001\000.\0001\0003\000\040\000C\000D\000M\000\137\000S\000E\000N\000D\000\137\000R\000O\000T\000A\000T\000I\000O\000N\000A\000L\000\137\000P\000O\000S\000I\000T\000I\000O\000N\000\137\000X}{subsection.7.11.1}% 294
\BOOKMARK [3][-]{subsubsection.7.11.1.14}{\376\377\0007\000.\0001\0001\000.\0001\000.\0001\0004\000\040\000C\000D\000M\000\137\000S\000E\000N\000D\000\137\000R\000O\000T\000A\000T\000I\000O\000N\000A\000L\000\137\000P\000O\000S\000I\000T\000I\000O\000N\000\137\000Y}{subsection.7.11.1}% 295
\BOOKMARK [3][-]{subsubsection.7.11.1.15}{\376\377\0007\000.\0001\0001\000.\0001\000.\0001\0005\000\040\000C\000D\000M\000\137\000S\000E\000N\000D\000\137\000U\000P\000P\000E\000R\000\137\000D\000I\000S\000P\000L\000A\000C\000E\000M\000E\000N\000T\000\137\000X}{subsection.7.11.1}% 296
\BOOKMARK [3][-]{subsubsection.7.11.1.16}{\376\377\0007\000.\0001\0001\000.\0001\000.\0001\0006\000\040\000C\000D\000M\000\137\000S\000E\000N\000D\000\137\000U\000P\000P\000E\000R\000\137\000D\000I\000S\000P\000L\000A\000C\000E\000M\000E\000N\000T\000\137\000Y}{subsection.7.11.1}% 297
\BOOKMARK [3][-]{subsubsection.7.11.1.17}{\376\377\0007\000.\0001\0001\000.\0001\000.\0001\0007\000\040\000C\000D\000M\000\137\000S\000E\000N\000D\000\137\000V\000E\000L\000O\000C\000I\000T\000Y}{subsection.7.11.1}% 298
\BOOKMARK [3][-]{subsubsection.7.11.1.18}{\376\377\0007\000.\0001\0001\000.\0001\000.\0001\0008\000\040\000D\000A\000T\000A\000\137\000B\000E\000G\000I\000N\000N\000I\000N\000G}{subsection.7.11.1}% 299
\BOOKMARK [3][-]{subsubsection.7.11.1.19}{\376\377\0007\000.\0001\0001\000.\0001\000.\0001\0009\000\040\000D\000A\000T\000A\000\137\000E\000N\000D}{subsection.7.11.1}% 300
\BOOKMARK [3][-]{subsubsection.7.11.1.20}{\376\377\0007\000.\0001\0001\000.\0001\000.\0002\0000\000\040\000F\000O\000O\000T\000E\000R\000\137\000S\000I\000Z\000E}{subsection.7.11.1}% 301
\BOOKMARK [3][-]{subsubsection.7.11.1.21}{\376\377\0007\000.\0001\0001\000.\0001\000.\0002\0001\000\040\000H\000E\000A\000D\000E\000R\000\137\000S\000I\000Z\000E}{subsection.7.11.1}% 302
\BOOKMARK [3][-]{subsubsection.7.11.1.22}{\376\377\0007\000.\0001\0001\000.\0001\000.\0002\0002\000\040\000I\000C\000C\000\137\000E\000R\000R\000O\000R}{subsection.7.11.1}% 303
\BOOKMARK [3][-]{subsubsection.7.11.1.23}{\376\377\0007\000.\0001\0001\000.\0001\000.\0002\0003\000\040\000I\000C\000M\000\137\000E\000M\000E\000R\000G\000E\000N\000C\000Y\000\137\000S\000T\000O\000P}{subsection.7.11.1}% 304
\BOOKMARK [3][-]{subsubsection.7.11.1.24}{\376\377\0007\000.\0001\0001\000.\0001\000.\0002\0004\000\040\000I\000C\000M\000\137\000S\000E\000T\000\137\000A\000C\000C\000E\000L\000E\000R\000A\000T\000I\000O\000N}{subsection.7.11.1}% 305
\BOOKMARK [3][-]{subsubsection.7.11.1.25}{\376\377\0007\000.\0001\0001\000.\0001\000.\0002\0005\000\040\000I\000C\000M\000\137\000S\000E\000T\000\137\000J\000E\000R\000K}{subsection.7.11.1}% 306
\BOOKMARK [3][-]{subsubsection.7.11.1.26}{\376\377\0007\000.\0001\0001\000.\0001\000.\0002\0006\000\040\000I\000C\000M\000\137\000S\000E\000T\000\137\000V\000E\000L\000O\000C\000I\000T\000Y}{subsection.7.11.1}% 307
\BOOKMARK [3][-]{subsubsection.7.11.1.27}{\376\377\0007\000.\0001\0001\000.\0001\000.\0002\0007\000\040\000I\000C\000M\000\137\000S\000T\000A\000R\000T}{subsection.7.11.1}% 308
\BOOKMARK [3][-]{subsubsection.7.11.1.28}{\376\377\0007\000.\0001\0001\000.\0001\000.\0002\0008\000\040\000I\000C\000M\000\137\000S\000T\000O\000P}{subsection.7.11.1}% 309
\BOOKMARK [3][-]{subsubsection.7.11.1.29}{\376\377\0007\000.\0001\0001\000.\0001\000.\0002\0009\000\040\000I\000D\000M\000\137\000C\000M\000D\000\137\000D\000I\000F\000F\000E\000R\000E\000N\000C\000E}{subsection.7.11.1}% 310
\BOOKMARK [3][-]{subsubsection.7.11.1.30}{\376\377\0007\000.\0001\0001\000.\0001\000.\0003\0000\000\040\000I\000D\000M\000\137\000S\000E\000N\000D\000\137\000A\000C\000C\000E\000L\000E\000R\000A\000T\000I\000O\000N}{subsection.7.11.1}% 311
\BOOKMARK [3][-]{subsubsection.7.11.1.31}{\376\377\0007\000.\0001\0001\000.\0001\000.\0003\0001\000\040\000I\000D\000M\000\137\000S\000E\000N\000D\000\137\000J\000E\000R\000K}{subsection.7.11.1}% 312
\BOOKMARK [3][-]{subsubsection.7.11.1.32}{\376\377\0007\000.\0001\0001\000.\0001\000.\0003\0002\000\040\000I\000D\000M\000\137\000S\000E\000N\000D\000\137\000L\000O\000W\000E\000R\000\137\000D\000I\000S\000P\000L\000A\000C\000E\000M\000E\000N\000T\000\137\000X}{subsection.7.11.1}% 313
\BOOKMARK [3][-]{subsubsection.7.11.1.33}{\376\377\0007\000.\0001\0001\000.\0001\000.\0003\0003\000\040\000I\000D\000M\000\137\000S\000E\000N\000D\000\137\000L\000O\000W\000E\000R\000\137\000D\000I\000S\000P\000L\000A\000C\000E\000M\000E\000N\000T\000\137\000Y}{subsection.7.11.1}% 314
\BOOKMARK [3][-]{subsubsection.7.11.1.34}{\376\377\0007\000.\0001\0001\000.\0001\000.\0003\0004\000\040\000I\000D\000M\000\137\000S\000E\000N\000D\000\137\000N\000U\000L\000L}{subsection.7.11.1}% 315
\BOOKMARK [3][-]{subsubsection.7.11.1.35}{\376\377\0007\000.\0001\0001\000.\0001\000.\0003\0005\000\040\000I\000D\000M\000\137\000S\000E\000N\000D\000\137\000R\000O\000T\000A\000T\000I\000O\000N\000A\000L\000\137\000P\000O\000S\000I\000T\000I\000O\000N\000\137\000X}{subsection.7.11.1}% 316
\BOOKMARK [3][-]{subsubsection.7.11.1.36}{\376\377\0007\000.\0001\0001\000.\0001\000.\0003\0006\000\040\000I\000D\000M\000\137\000S\000E\000N\000D\000\137\000R\000O\000T\000A\000T\000I\000O\000N\000A\000L\000\137\000P\000O\000S\000I\000T\000I\000O\000N\000\137\000Y}{subsection.7.11.1}% 317
\BOOKMARK [3][-]{subsubsection.7.11.1.37}{\376\377\0007\000.\0001\0001\000.\0001\000.\0003\0007\000\040\000I\000D\000M\000\137\000S\000E\000N\000D\000\137\000U\000P\000P\000E\000R\000\137\000D\000I\000S\000P\000L\000A\000C\000E\000M\000E\000N\000T\000\137\000X}{subsection.7.11.1}% 318
\BOOKMARK [3][-]{subsubsection.7.11.1.38}{\376\377\0007\000.\0001\0001\000.\0001\000.\0003\0008\000\040\000I\000D\000M\000\137\000S\000E\000N\000D\000\137\000U\000P\000P\000E\000R\000\137\000D\000I\000S\000P\000L\000A\000C\000E\000M\000E\000N\000T\000\137\000Y}{subsection.7.11.1}% 319
\BOOKMARK [3][-]{subsubsection.7.11.1.39}{\376\377\0007\000.\0001\0001\000.\0001\000.\0003\0009\000\040\000I\000D\000M\000\137\000S\000E\000N\000D\000\137\000V\000E\000L\000O\000C\000I\000T\000Y}{subsection.7.11.1}% 320
\BOOKMARK [3][-]{subsubsection.7.11.1.40}{\376\377\0007\000.\0001\0001\000.\0001\000.\0004\0000\000\040\000M\000A\000X\000\137\000P\000A\000Y\000L\000O\000A\000D}{subsection.7.11.1}% 321
\BOOKMARK [3][-]{subsubsection.7.11.1.41}{\376\377\0007\000.\0001\0001\000.\0001\000.\0004\0001\000\040\000P\000A\000C\000K\000E\000T\000\137\000B\000E\000G\000I\000N\000N\000I\000N\000G}{subsection.7.11.1}% 322
\BOOKMARK [3][-]{subsubsection.7.11.1.42}{\376\377\0007\000.\0001\0001\000.\0001\000.\0004\0002\000\040\000P\000A\000C\000K\000E\000T\000\137\000E\000N\000D}{subsection.7.11.1}% 323
\BOOKMARK [3][-]{subsubsection.7.11.1.43}{\376\377\0007\000.\0001\0001\000.\0001\000.\0004\0003\000\040\000P\000A\000C\000K\000E\000T\000\137\000S\000I\000Z\000E}{subsection.7.11.1}% 324
\BOOKMARK [1][-]{section.7.12}{\376\377\0007\000.\0001\0002\000\040\000F\000E\000S\000S\000-\000G\000U\000I\000/\000f\000l\000y\000q\000u\000e\000u\000e\000.\000c\000p\000p\000\040\000F\000i\000l\000e\000\040\000R\000e\000f\000e\000r\000e\000n\000c\000e}{chapter.7}% 325
\BOOKMARK [1][-]{section.7.13}{\376\377\0007\000.\0001\0003\000\040\000F\000E\000S\000S\000-\000G\000U\000I\000/\000f\000l\000y\000q\000u\000e\000u\000e\000.\000h\000\040\000F\000i\000l\000e\000\040\000R\000e\000f\000e\000r\000e\000n\000c\000e}{chapter.7}% 326
\BOOKMARK [1][-]{section.7.14}{\376\377\0007\000.\0001\0004\000\040\000F\000E\000S\000S\000-\000G\000U\000I\000/\000f\000l\000y\000w\000h\000e\000e\000l\000o\000p\000e\000r\000a\000t\000i\000o\000n\000.\000c\000p\000p\000\040\000F\000i\000l\000e\000\040\000R\000e\000f\000e\000r\000e\000n\000c\000e}{chapter.7}% 327
\BOOKMARK [1][-]{section.7.15}{\376\377\0007\000.\0001\0005\000\040\000F\000E\000S\000S\000-\000G\000U\000I\000/\000f\000l\000y\000w\000h\000e\000e\000l\000o\000p\000e\000r\000a\000t\000i\000o\000n\000.\000h\000\040\000F\000i\000l\000e\000\040\000R\000e\000f\000e\000r\000e\000n\000c\000e}{chapter.7}% 328
\BOOKMARK [1][-]{section.7.16}{\376\377\0007\000.\0001\0006\000\040\000F\000E\000S\000S\000-\000G\000U\000I\000/\000g\000r\000a\000p\000h\000.\000c\000p\000p\000\040\000F\000i\000l\000e\000\040\000R\000e\000f\000e\000r\000e\000n\000c\000e}{chapter.7}% 329
\BOOKMARK [1][-]{section.7.17}{\376\377\0007\000.\0001\0007\000\040\000F\000E\000S\000S\000-\000G\000U\000I\000/\000g\000r\000a\000p\000h\000.\000h\000\040\000F\000i\000l\000e\000\040\000R\000e\000f\000e\000r\000e\000n\000c\000e}{chapter.7}% 330
\BOOKMARK [1][-]{section.7.18}{\376\377\0007\000.\0001\0008\000\040\000F\000E\000S\000S\000-\000G\000U\000I\000/\000m\000a\000i\000n\000.\000c\000p\000p\000\040\000F\000i\000l\000e\000\040\000R\000e\000f\000e\000r\000e\000n\000c\000e}{chapter.7}% 331
\BOOKMARK [2][-]{subsection.7.18.1}{\376\377\0007\000.\0001\0008\000.\0001\000\040\000F\000u\000n\000c\000t\000i\000o\000n\000\040\000D\000o\000c\000u\000m\000e\000n\000t\000a\000t\000i\000o\000n}{section.7.18}% 332
\BOOKMARK [3][-]{subsubsection.7.18.1.1}{\376\377\0007\000.\0001\0008\000.\0001\000.\0001\000\040\000m\000a\000i\000n\000\050\000\051}{subsection.7.18.1}% 333
\BOOKMARK [1][-]{section.7.19}{\376\377\0007\000.\0001\0009\000\040\000F\000E\000S\000S\000-\000G\000U\000I\000/\000m\000a\000i\000n\000w\000i\000n\000d\000o\000w\000.\000c\000p\000p\000\040\000F\000i\000l\000e\000\040\000R\000e\000f\000e\000r\000e\000n\000c\000e}{chapter.7}% 334
\BOOKMARK [1][-]{section.7.20}{\376\377\0007\000.\0002\0000\000\040\000F\000E\000S\000S\000-\000G\000U\000I\000/\000m\000a\000i\000n\000w\000i\000n\000d\000o\000w\000.\000h\000\040\000F\000i\000l\000e\000\040\000R\000e\000f\000e\000r\000e\000n\000c\000e}{chapter.7}% 335
\BOOKMARK [1][-]{section.7.21}{\376\377\0007\000.\0002\0001\000\040\000F\000E\000S\000S\000-\000G\000U\000I\000/\000r\000e\000c\000o\000r\000d\000i\000n\000g\000o\000p\000e\000r\000a\000t\000i\000o\000n\000.\000c\000p\000p\000\040\000F\000i\000l\000e\000\040\000R\000e\000f\000e\000r\000e\000n\000c\000e}{chapter.7}% 336
\BOOKMARK [1][-]{section.7.22}{\376\377\0007\000.\0002\0002\000\040\000F\000E\000S\000S\000-\000G\000U\000I\000/\000r\000e\000c\000o\000r\000d\000i\000n\000g\000o\000p\000e\000r\000a\000t\000i\000o\000n\000.\000h\000\040\000F\000i\000l\000e\000\040\000R\000e\000f\000e\000r\000e\000n\000c\000e}{chapter.7}% 337
\BOOKMARK [1][-]{section.7.23}{\376\377\0007\000.\0002\0003\000\040\000F\000E\000S\000S\000-\000G\000U\000I\000/\000s\000e\000r\000i\000a\000l\000d\000e\000v\000i\000c\000e\000.\000c\000p\000p\000\040\000F\000i\000l\000e\000\040\000R\000e\000f\000e\000r\000e\000n\000c\000e}{chapter.7}% 338
\BOOKMARK [1][-]{section.7.24}{\376\377\0007\000.\0002\0004\000\040\000F\000E\000S\000S\000-\000G\000U\000I\000/\000s\000e\000r\000i\000a\000l\000d\000e\000v\000i\000c\000e\000.\000h\000\040\000F\000i\000l\000e\000\040\000R\000e\000f\000e\000r\000e\000n\000c\000e}{chapter.7}% 339
\BOOKMARK [1][-]{section.7.25}{\376\377\0007\000.\0002\0005\000\040\000F\000E\000S\000S\000-\000G\000U\000I\000/\000s\000e\000t\000p\000a\000s\000s\000w\000o\000r\000d\000d\000i\000a\000l\000o\000g\000.\000c\000p\000p\000\040\000F\000i\000l\000e\000\040\000R\000e\000f\000e\000r\000e\000n\000c\000e}{chapter.7}% 340
\BOOKMARK [2][-]{subsection.7.25.1}{\376\377\0007\000.\0002\0005\000.\0001\000\040\000F\000u\000n\000c\000t\000i\000o\000n\000\040\000D\000o\000c\000u\000m\000e\000n\000t\000a\000t\000i\000o\000n}{section.7.25}% 341
\BOOKMARK [3][-]{subsubsection.7.25.1.1}{\376\377\0007\000.\0002\0005\000.\0001\000.\0001\000\040\000G\000e\000t\000R\000a\000n\000d\000o\000m\000S\000t\000r\000i\000n\000g\000\050\000\051}{subsection.7.25.1}% 342
\BOOKMARK [3][-]{subsubsection.7.25.1.2}{\376\377\0007\000.\0002\0005\000.\0001\000.\0002\000\040\000p\000a\000s\000s\000w\000o\000r\000d\000M\000a\000t\000c\000h\000e\000s\000\050\000\051}{subsection.7.25.1}% 343
\BOOKMARK [1][-]{section.7.26}{\376\377\0007\000.\0002\0006\000\040\000F\000E\000S\000S\000-\000G\000U\000I\000/\000s\000e\000t\000p\000a\000s\000s\000w\000o\000r\000d\000d\000i\000a\000l\000o\000g\000.\000h\000\040\000F\000i\000l\000e\000\040\000R\000e\000f\000e\000r\000e\000n\000c\000e}{chapter.7}% 344
\BOOKMARK [2][-]{subsection.7.26.1}{\376\377\0007\000.\0002\0006\000.\0001\000\040\000F\000u\000n\000c\000t\000i\000o\000n\000\040\000D\000o\000c\000u\000m\000e\000n\000t\000a\000t\000i\000o\000n}{section.7.26}% 345
\BOOKMARK [3][-]{subsubsection.7.26.1.1}{\376\377\0007\000.\0002\0006\000.\0001\000.\0001\000\040\000G\000e\000t\000R\000a\000n\000d\000o\000m\000S\000t\000r\000i\000n\000g\000\050\000\051}{subsection.7.26.1}% 346
\BOOKMARK [3][-]{subsubsection.7.26.1.2}{\376\377\0007\000.\0002\0006\000.\0001\000.\0002\000\040\000p\000a\000s\000s\000w\000o\000r\000d\000M\000a\000t\000c\000h\000e\000s\000\050\000\051}{subsection.7.26.1}% 347
\BOOKMARK [1][-]{section.7.27}{\376\377\0007\000.\0002\0007\000\040\000F\000E\000S\000S\000-\000G\000U\000I\000/\000t\000r\000a\000n\000s\000m\000i\000t\000b\000u\000f\000f\000e\000r\000.\000c\000p\000p\000\040\000F\000i\000l\000e\000\040\000R\000e\000f\000e\000r\000e\000n\000c\000e}{chapter.7}% 348
\BOOKMARK [1][-]{section.7.28}{\376\377\0007\000.\0002\0008\000\040\000F\000E\000S\000S\000-\000G\000U\000I\000/\000t\000r\000a\000n\000s\000m\000i\000t\000b\000u\000f\000f\000e\000r\000.\000h\000\040\000F\000i\000l\000e\000\040\000R\000e\000f\000e\000r\000e\000n\000c\000e}{chapter.7}% 349
